<?xml version="1.0" encoding="UTF-8"?>
<!-- Generated by org.testng.reporters.JUnitXMLReporter -->
<testsuite ignored="10" hostname="DESKTOP-LTKBB09" failures="7" tests="7" name="Test 1" time="1.987" errors="0" timestamp="2020-12-20T10:42:53 CST">
  <testcase classname="com.jostens.qa.base.TestBase" name="@BeforeSuite beforeSuite" time="606.445">
    <failure type="org.openqa.selenium.SessionNotCreatedException" message="session not created
from timeout: Timed out receiving message from renderer: 600.000
  (Session info: chrome=87.0.4280.88)
Build info: version: &amp;apos;3.141.59&amp;apos;, revision: &amp;apos;e82be7d358&amp;apos;, time: &amp;apos;2018-11-14T08:17:03&amp;apos;
System info: host: &amp;apos;DESKTOP-LTKBB09&amp;apos;, ip: &amp;apos;192.168.0.31&amp;apos;, os.name: &amp;apos;Windows 10&amp;apos;, os.arch: &amp;apos;amd64&amp;apos;, os.version: &amp;apos;10.0&amp;apos;, java.version: &amp;apos;11.0.9&amp;apos;
Driver info: driver.version: ChromeDriver
remote stacktrace: Backtrace:
	Ordinal0 [0x0126C0C3+3326147]
	Ordinal0 [0x01150851+2164817]
	Ordinal0 [0x00FD7298+619160]
	Ordinal0 [0x00FCB17F+569727]
	Ordinal0 [0x00FCA421+566305]
	Ordinal0 [0x00FCA815+567317]
	Ordinal0 [0x00FCA135+565557]
	Ordinal0 [0x00FD38B1+604337]
	Ordinal0 [0x00FCA0F1+565489]
	Ordinal0 [0x00FCAEA2+568994]
	Ordinal0 [0x00FCA421+566305]
	Ordinal0 [0x00FCA815+567317]
	Ordinal0 [0x00FCA135+565557]
	Ordinal0 [0x00FD1D2C+597292]
	Ordinal0 [0x00FCA0F1+565489]
	Ordinal0 [0x00FCAEA2+568994]
	Ordinal0 [0x00FCA421+566305]
	Ordinal0 [0x00FCA815+567317]
	Ordinal0 [0x00FCA135+565557]
	Ordinal0 [0x00FCFE62+589410]
	Ordinal0 [0x00FCA0F1+565489]
	Ordinal0 [0x00FCAEA2+568994]
	Ordinal0 [0x00FCA421+566305]
	Ordinal0 [0x00FCA815+567317]
	Ordinal0 [0x00FCA135+565557]
	Ordinal0 [0x00FCF075+585845]
	Ordinal0 [0x00FCA0F1+565489]
	Ordinal0 [0x00FCAEA2+568994]
	Ordinal0 [0x00FCA421+566305]
	Ordinal0 [0x00FCA815+567317]
	Ordinal0 [0x00FCA135+565557]
	Ordinal0 [0x00FC6776+550774]
	Ordinal0 [0x00FCA0F1+565489]
	Ordinal0 [0x00FC9F13+565011]
	Ordinal0 [0x00FC9D07+564487]
	Ordinal0 [0x00FD82C0+623296]
	Ordinal0 [0x00F76BDD+224221]
	Ordinal0 [0x00F75CAC+220332]
	Ordinal0 [0x00F7189B+202907]
	Ordinal0 [0x00F53DF4+81396]
	Ordinal0 [0x00F54DEE+85486]
	Ordinal0 [0x00F54D79+85369]
	Ordinal0 [0x011685DC+2262492]
	GetHandleVerifier [0x013F2874+1487204]
	GetHandleVerifier [0x013F23CD+1486013]
	GetHandleVerifier [0x013FA368+1518680]
	GetHandleVerifier [0x013F2F4E+1488958]
	Ordinal0 [0x0115ED0D+2223373]
	Ordinal0 [0x0116A12B+2269483]
	Ordinal0 [0x0116A26F+2269807]
	Ordinal0 [0x0117ECB8+2354360]
	BaseThreadInitThunk [0x77D0FA29+25]
	RtlGetAppContainerNamedObjectPath [0x77E575F4+228]
	RtlGetAppContainerNamedObjectPath [0x77E575C4+180]
">
      <![CDATA[org.openqa.selenium.SessionNotCreatedException: session not created
from timeout: Timed out receiving message from renderer: 600.000
  (Session info: chrome=87.0.4280.88)
Build info: version: '3.141.59', revision: 'e82be7d358', time: '2018-11-14T08:17:03'
System info: host: 'DESKTOP-LTKBB09', ip: '192.168.0.31', os.name: 'Windows 10', os.arch: 'amd64', os.version: '10.0', java.version: '11.0.9'
Driver info: driver.version: ChromeDriver
remote stacktrace: Backtrace:
Ordinal0 [0x0126C0C3+3326147]
Ordinal0 [0x01150851+2164817]
Ordinal0 [0x00FD7298+619160]
Ordinal0 [0x00FCB17F+569727]
Ordinal0 [0x00FCA421+566305]
Ordinal0 [0x00FCA815+567317]
Ordinal0 [0x00FCA135+565557]
Ordinal0 [0x00FD38B1+604337]
Ordinal0 [0x00FCA0F1+565489]
Ordinal0 [0x00FCAEA2+568994]
Ordinal0 [0x00FCA421+566305]
Ordinal0 [0x00FCA815+567317]
Ordinal0 [0x00FCA135+565557]
Ordinal0 [0x00FD1D2C+597292]
Ordinal0 [0x00FCA0F1+565489]
Ordinal0 [0x00FCAEA2+568994]
Ordinal0 [0x00FCA421+566305]
Ordinal0 [0x00FCA815+567317]
Ordinal0 [0x00FCA135+565557]
Ordinal0 [0x00FCFE62+589410]
Ordinal0 [0x00FCA0F1+565489]
Ordinal0 [0x00FCAEA2+568994]
Ordinal0 [0x00FCA421+566305]
Ordinal0 [0x00FCA815+567317]
Ordinal0 [0x00FCA135+565557]
Ordinal0 [0x00FCF075+585845]
Ordinal0 [0x00FCA0F1+565489]
Ordinal0 [0x00FCAEA2+568994]
Ordinal0 [0x00FCA421+566305]
Ordinal0 [0x00FCA815+567317]
Ordinal0 [0x00FCA135+565557]
Ordinal0 [0x00FC6776+550774]
Ordinal0 [0x00FCA0F1+565489]
Ordinal0 [0x00FC9F13+565011]
Ordinal0 [0x00FC9D07+564487]
Ordinal0 [0x00FD82C0+623296]
Ordinal0 [0x00F76BDD+224221]
Ordinal0 [0x00F75CAC+220332]
Ordinal0 [0x00F7189B+202907]
Ordinal0 [0x00F53DF4+81396]
Ordinal0 [0x00F54DEE+85486]
Ordinal0 [0x00F54D79+85369]
Ordinal0 [0x011685DC+2262492]
GetHandleVerifier [0x013F2874+1487204]
GetHandleVerifier [0x013F23CD+1486013]
GetHandleVerifier [0x013FA368+1518680]
GetHandleVerifier [0x013F2F4E+1488958]
Ordinal0 [0x0115ED0D+2223373]
Ordinal0 [0x0116A12B+2269483]
Ordinal0 [0x0116A26F+2269807]
Ordinal0 [0x0117ECB8+2354360]
BaseThreadInitThunk [0x77D0FA29+25]
RtlGetAppContainerNamedObjectPath [0x77E575F4+228]
RtlGetAppContainerNamedObjectPath [0x77E575C4+180]

at org.openqa.selenium.remote.W3CHandshakeResponse.lambda$errorHandler$0(W3CHandshakeResponse.java:62)
at org.openqa.selenium.remote.HandshakeResponse.lambda$getResponseFunction$0(HandshakeResponse.java:30)
at org.openqa.selenium.remote.ProtocolHandshake.lambda$createSession$0(ProtocolHandshake.java:126)
at java.base/java.util.stream.ReferencePipeline$3$1.accept(ReferencePipeline.java:195)
at java.base/java.util.Spliterators$ArraySpliterator.tryAdvance(Spliterators.java:958)
at java.base/java.util.stream.ReferencePipeline.forEachWithCancel(ReferencePipeline.java:127)
at java.base/java.util.stream.AbstractPipeline.copyIntoWithCancel(AbstractPipeline.java:502)
at java.base/java.util.stream.AbstractPipeline.copyInto(AbstractPipeline.java:488)
at java.base/java.util.stream.AbstractPipeline.wrapAndCopyInto(AbstractPipeline.java:474)
at java.base/java.util.stream.FindOps$FindOp.evaluateSequential(FindOps.java:150)
at java.base/java.util.stream.AbstractPipeline.evaluate(AbstractPipeline.java:234)
at java.base/java.util.stream.ReferencePipeline.findFirst(ReferencePipeline.java:543)
at org.openqa.selenium.remote.ProtocolHandshake.createSession(ProtocolHandshake.java:128)
at org.openqa.selenium.remote.ProtocolHandshake.createSession(ProtocolHandshake.java:74)
at org.openqa.selenium.remote.HttpCommandExecutor.execute(HttpCommandExecutor.java:136)
at org.openqa.selenium.remote.service.DriverCommandExecutor.execute(DriverCommandExecutor.java:83)
at org.openqa.selenium.remote.RemoteWebDriver.execute(RemoteWebDriver.java:552)
at org.openqa.selenium.remote.RemoteWebDriver.startSession(RemoteWebDriver.java:213)
at org.openqa.selenium.remote.RemoteWebDriver.<init>(RemoteWebDriver.java:131)
at org.openqa.selenium.chrome.ChromeDriver.<init>(ChromeDriver.java:181)
at org.openqa.selenium.chrome.ChromeDriver.<init>(ChromeDriver.java:168)
at org.openqa.selenium.chrome.ChromeDriver.<init>(ChromeDriver.java:123)
at com.jostens.qa.base.TestBase.initializeDriver(TestBase.java:112)
at com.jostens.qa.base.TestBase.beforeSuite(TestBase.java:135)
... Removed 26 stack frames]]>
    </failure>
  </testcase> <!-- @BeforeSuite beforeSuite -->
  <testcase classname="com.jostens.qa.testcases.LoginPageTest" name="@BeforeClass beforeClass" time="-1.60848257141E9">
    <skipped/>
  </testcase> <!-- @BeforeClass beforeClass -->
  <testcase classname="com.jostens.qa.testcases.HomePageTest" name="@BeforeClass beforeClass" time="-1.608482572854E9">
    <skipped/>
  </testcase> <!-- @BeforeClass beforeClass -->
  <testcase classname="com.jostens.qa.testcases.SchoolStorePageTest" name="@BeforeClass beforeClass" time="-1.608482572976E9">
    <skipped/>
  </testcase> <!-- @BeforeClass beforeClass -->
  <testcase classname="com.jostens.qa.testcases.ShoppingCartPageTest" name="@BeforeClass beforeClass" time="-1.608482573072E9">
    <skipped/>
  </testcase> <!-- @BeforeClass beforeClass -->
  <testcase classname="com.jostens.qa.testcases.CheckoutPageTest" name="@BeforeClass beforeClass" time="-1.608482573151E9">
    <skipped/>
  </testcase> <!-- @BeforeClass beforeClass -->
  <testcase classname="com.jostens.qa.testcases.PaymentPageTest" name="@BeforeClass beforeClass" time="-1.608482573315E9">
    <skipped/>
  </testcase> <!-- @BeforeClass beforeClass -->
  <testcase classname="com.jostens.qa.testcases.LoginPageTest" name="loginTest" time="0.0">
    <failure type="org.testng.TestNGException" message="
Data Provider public java.lang.String[][] com.jostens.qa.util.ExcelMethods.getDataTable() returned a null value">
      <![CDATA[org.testng.TestNGException: 
Data Provider public java.lang.String[][] com.jostens.qa.util.ExcelMethods.getDataTable() returned a null value
at java.base/java.util.ArrayList.forEach(ArrayList.java:1541)
... Removed 27 stack frames]]>
    </failure>
  </testcase> <!-- loginTest -->
  <testcase classname="com.jostens.qa.testcases.HomePageTest" name="searchForSchoolTest" time="0.0">
    <failure type="org.testng.TestNGException" message="
Data Provider public java.lang.String[][] com.jostens.qa.util.ExcelMethods.getDataTable() returned a null value">
      <![CDATA[org.testng.TestNGException: 
Data Provider public java.lang.String[][] com.jostens.qa.util.ExcelMethods.getDataTable() returned a null value
at java.base/java.util.ArrayList.forEach(ArrayList.java:1541)
... Removed 27 stack frames]]>
    </failure>
  </testcase> <!-- searchForSchoolTest -->
  <testcase classname="com.jostens.qa.testcases.SchoolStorePageTest" name="productSearchTest" time="0.0">
    <failure type="org.testng.TestNGException" message="
Data Provider public java.lang.String[][] com.jostens.qa.util.ExcelMethods.getDataTable() returned a null value">
      <![CDATA[org.testng.TestNGException: 
Data Provider public java.lang.String[][] com.jostens.qa.util.ExcelMethods.getDataTable() returned a null value
at java.base/java.util.ArrayList.forEach(ArrayList.java:1541)
... Removed 27 stack frames]]>
    </failure>
  </testcase> <!-- productSearchTest -->
  <testcase classname="com.jostens.qa.testcases.ShoppingCartPageTest" name="addProductToCartTest" time="0.0">
    <failure type="org.testng.TestNGException" message="
Data Provider public java.lang.String[][] com.jostens.qa.util.ExcelMethods.getDataTable() returned a null value">
      <![CDATA[org.testng.TestNGException: 
Data Provider public java.lang.String[][] com.jostens.qa.util.ExcelMethods.getDataTable() returned a null value
at java.base/java.util.ArrayList.forEach(ArrayList.java:1541)
... Removed 27 stack frames]]>
    </failure>
  </testcase> <!-- addProductToCartTest -->
  <testcase classname="com.jostens.qa.testcases.CheckoutPageTest" name="proceedWithCheckoutTest" time="0.0">
    <failure type="org.testng.TestNGException" message="
Data Provider public java.lang.String[][] com.jostens.qa.util.ExcelMethods.getDataTable() returned a null value">
      <![CDATA[org.testng.TestNGException: 
Data Provider public java.lang.String[][] com.jostens.qa.util.ExcelMethods.getDataTable() returned a null value
at java.base/java.util.ArrayList.forEach(ArrayList.java:1541)
... Removed 27 stack frames]]>
    </failure>
  </testcase> <!-- proceedWithCheckoutTest -->
  <testcase classname="com.jostens.qa.testcases.CheckoutPageTest" name="test2" time="0.0">
    <failure type="org.testng.TestNGException" message="
Data Provider public java.lang.String[][] com.jostens.qa.util.ExcelMethods.getDataTable() returned a null value">
      <![CDATA[org.testng.TestNGException: 
Data Provider public java.lang.String[][] com.jostens.qa.util.ExcelMethods.getDataTable() returned a null value
at java.base/java.util.ArrayList.forEach(ArrayList.java:1541)
... Removed 27 stack frames]]>
    </failure>
  </testcase> <!-- test2 -->
  <testcase classname="com.jostens.qa.testcases.PaymentPageTest" name="test" time="0.0">
    <failure type="org.testng.TestNGException" message="
Data Provider public java.lang.String[][] com.jostens.qa.util.ExcelMethods.getDataTable() returned a null value">
      <![CDATA[org.testng.TestNGException: 
Data Provider public java.lang.String[][] com.jostens.qa.util.ExcelMethods.getDataTable() returned a null value
at java.base/java.util.ArrayList.forEach(ArrayList.java:1541)
... Removed 27 stack frames]]>
    </failure>
  </testcase> <!-- test -->
  <testcase classname="com.jostens.qa.base.TestBase" name="@AfterSuite afterSuite" time="0.0">
    <ignored/>
  </testcase> <!-- @AfterSuite afterSuite -->
  <testcase classname="com.jostens.qa.base.TestBase" name="@AfterSuite afterSuite" time="0.0">
    <ignored/>
  </testcase> <!-- @AfterSuite afterSuite -->
  <testcase classname="com.jostens.qa.base.TestBase" name="@AfterSuite afterSuite" time="0.0">
    <ignored/>
  </testcase> <!-- @AfterSuite afterSuite -->
  <testcase classname="com.jostens.qa.base.TestBase" name="@AfterSuite afterSuite" time="0.0">
    <ignored/>
  </testcase> <!-- @AfterSuite afterSuite -->
  <testcase classname="com.jostens.qa.base.TestBase" name="@AfterSuite afterSuite" time="0.0">
    <ignored/>
  </testcase> <!-- @AfterSuite afterSuite -->
  <testcase classname="com.jostens.qa.base.TestBase" name="@BeforeSuite beforeSuite" time="0.0">
    <ignored/>
  </testcase> <!-- @BeforeSuite beforeSuite -->
  <testcase classname="com.jostens.qa.base.TestBase" name="@BeforeSuite beforeSuite" time="0.0">
    <ignored/>
  </testcase> <!-- @BeforeSuite beforeSuite -->
  <testcase classname="com.jostens.qa.base.TestBase" name="@BeforeSuite beforeSuite" time="0.0">
    <ignored/>
  </testcase> <!-- @BeforeSuite beforeSuite -->
  <testcase classname="com.jostens.qa.base.TestBase" name="@BeforeSuite beforeSuite" time="0.0">
    <ignored/>
  </testcase> <!-- @BeforeSuite beforeSuite -->
  <testcase classname="com.jostens.qa.base.TestBase" name="@BeforeSuite beforeSuite" time="0.0">
    <ignored/>
  </testcase> <!-- @BeforeSuite beforeSuite -->
</testsuite> <!-- Test 1 -->
