<!DOCTYPE html PUBLIC "-//W3C//DTD XHTML 1.1//EN" "http://www.w3.org/TR/xhtml11/DTD/xhtml11.dtd">
<html xmlns="http://www.w3.org/1999/xhtml">
<head>
<meta http-equiv="content-type" content="text/html; charset=UTF-8"/>
<title>TestNG Report</title>
<style type="text/css">table {margin-bottom:10px;border-collapse:collapse;empty-cells:show}th,td {border:1px solid #009;padding:.25em .5em}th {vertical-align:bottom}td {vertical-align:top}table a {font-weight:bold}.stripe td {background-color: #E6EBF9}.num {text-align:right}.passedodd td {background-color: #3F3}.passedeven td {background-color: #0A0}.skippedodd td {background-color: #DDD}.skippedeven td {background-color: #CCC}.failedodd td,.attn {background-color: #F33}.failedeven td,.stripe .attn {background-color: #D00}.stacktrace {white-space:pre;font-family:monospace}.totop {font-size:85%;text-align:center;border-bottom:2px solid #000}.invisible {display:none}</style>
</head>
<body>
<table>
<tr><th>Test</th><th># Passed</th><th># Skipped</th><th># Retried</th><th># Failed</th><th>Time (ms)</th><th>Included Groups</th><th>Excluded Groups</th></tr>
<tr><th colspan="8">TestSuite</th></tr>
<tr><td><a href="#t0">Test 1</a></td><td class="num">0</td><td class="num">0</td><td class="num">0</td><td class="num attn">7</td><td class="num">1,987</td><td></td><td></td></tr>
</table>
<table id='summary'><thead><tr><th>Class</th><th>Method</th><th>Start</th><th>Time (ms)</th></tr></thead><tbody><tr><th colspan="4">TestSuite</th></tr></tbody><tbody id="t0"><tr><th colspan="4">Test 1 &#8212; failed (configuration methods)</th></tr><tr class="failedeven"><td rowspan="1">com.jostens.qa.testcases.LoginPageTest</td><td><a href="#m0">beforeSuite</a></td><td rowspan="1">1608481964940</td><td rowspan="1">606445</td></tr><tr><th colspan="4">Test 1 &#8212; failed</th></tr><tr class="failedeven"><td rowspan="2">com.jostens.qa.testcases.CheckoutPageTest</td><td><a href="#m1">proceedWithCheckoutTest</a></td><td rowspan="1">1608482573227</td><td rowspan="1">0</td></tr><tr class="failedeven"><td><a href="#m2">test2</a></td><td rowspan="1">1608482573314</td><td rowspan="1">0</td></tr><tr class="failedodd"><td rowspan="1">com.jostens.qa.testcases.HomePageTest</td><td><a href="#m3">searchForSchoolTest</a></td><td rowspan="1">1608482572975</td><td rowspan="1">0</td></tr><tr class="failedeven"><td rowspan="1">com.jostens.qa.testcases.LoginPageTest</td><td><a href="#m4">loginTest</a></td><td rowspan="1">1608482572850</td><td rowspan="1">0</td></tr><tr class="failedodd"><td rowspan="1">com.jostens.qa.testcases.PaymentPageTest</td><td><a href="#m5">test</a></td><td rowspan="1">1608482573384</td><td rowspan="1">0</td></tr><tr class="failedeven"><td rowspan="1">com.jostens.qa.testcases.SchoolStorePageTest</td><td><a href="#m6">productSearchTest</a></td><td rowspan="1">1608482573070</td><td rowspan="1">0</td></tr><tr class="failedodd"><td rowspan="1">com.jostens.qa.testcases.ShoppingCartPageTest</td><td><a href="#m7">addProductToCartTest</a></td><td rowspan="1">1608482573150</td><td rowspan="1">0</td></tr><tr><th colspan="4">Test 1 &#8212; skipped (configuration methods)</th></tr><tr class="skippedeven"><td rowspan="1">com.jostens.qa.testcases.CheckoutPageTest</td><td><a href="#m8">beforeClass</a></td><td rowspan="1">1608482573151</td><td rowspan="1">-1608482573151</td></tr><tr class="skippedodd"><td rowspan="1">com.jostens.qa.testcases.HomePageTest</td><td><a href="#m9">beforeClass</a></td><td rowspan="1">1608482572854</td><td rowspan="1">-1608482572854</td></tr><tr class="skippedeven"><td rowspan="2">com.jostens.qa.testcases.LoginPageTest</td><td><a href="#m10">afterSuite</a></td><td rowspan="1">1608482573433</td><td rowspan="1">-1608482573433</td></tr><tr class="skippedeven"><td><a href="#m11">beforeClass</a></td><td rowspan="1">1608482571410</td><td rowspan="1">-1608482571410</td></tr><tr class="skippedodd"><td rowspan="1">com.jostens.qa.testcases.PaymentPageTest</td><td><a href="#m12">beforeClass</a></td><td rowspan="1">1608482573315</td><td rowspan="1">-1608482573315</td></tr><tr class="skippedeven"><td rowspan="1">com.jostens.qa.testcases.SchoolStorePageTest</td><td><a href="#m13">beforeClass</a></td><td rowspan="1">1608482572976</td><td rowspan="1">-1608482572976</td></tr><tr class="skippedodd"><td rowspan="1">com.jostens.qa.testcases.ShoppingCartPageTest</td><td><a href="#m14">beforeClass</a></td><td rowspan="1">1608482573072</td><td rowspan="1">-1608482573072</td></tr></tbody>
</table>
<h2>Test 1</h2><h3 id="m0">com.jostens.qa.testcases.LoginPageTest#beforeSuite</h3><table class="result"><tr><th>Exception</th></tr><tr><td><div class="stacktrace">org.openqa.selenium.SessionNotCreatedException: session not created
from timeout: Timed out receiving message from renderer: 600.000
  (Session info: chrome=87.0.4280.88)
Build info: version: &apos;3.141.59&apos;, revision: &apos;e82be7d358&apos;, time: &apos;2018-11-14T08:17:03&apos;
System info: host: &apos;DESKTOP-LTKBB09&apos;, ip: &apos;192.168.0.31&apos;, os.name: &apos;Windows 10&apos;, os.arch: &apos;amd64&apos;, os.version: &apos;10.0&apos;, java.version: &apos;11.0.9&apos;
Driver info: driver.version: ChromeDriver
remote stacktrace: Backtrace:
	Ordinal0 [0x0126C0C3+3326147]
	Ordinal0 [0x01150851+2164817]
	Ordinal0 [0x00FD7298+619160]
	Ordinal0 [0x00FCB17F+569727]
	Ordinal0 [0x00FCA421+566305]
	Ordinal0 [0x00FCA815+567317]
	Ordinal0 [0x00FCA135+565557]
	Ordinal0 [0x00FD38B1+604337]
	Ordinal0 [0x00FCA0F1+565489]
	Ordinal0 [0x00FCAEA2+568994]
	Ordinal0 [0x00FCA421+566305]
	Ordinal0 [0x00FCA815+567317]
	Ordinal0 [0x00FCA135+565557]
	Ordinal0 [0x00FD1D2C+597292]
	Ordinal0 [0x00FCA0F1+565489]
	Ordinal0 [0x00FCAEA2+568994]
	Ordinal0 [0x00FCA421+566305]
	Ordinal0 [0x00FCA815+567317]
	Ordinal0 [0x00FCA135+565557]
	Ordinal0 [0x00FCFE62+589410]
	Ordinal0 [0x00FCA0F1+565489]
	Ordinal0 [0x00FCAEA2+568994]
	Ordinal0 [0x00FCA421+566305]
	Ordinal0 [0x00FCA815+567317]
	Ordinal0 [0x00FCA135+565557]
	Ordinal0 [0x00FCF075+585845]
	Ordinal0 [0x00FCA0F1+565489]
	Ordinal0 [0x00FCAEA2+568994]
	Ordinal0 [0x00FCA421+566305]
	Ordinal0 [0x00FCA815+567317]
	Ordinal0 [0x00FCA135+565557]
	Ordinal0 [0x00FC6776+550774]
	Ordinal0 [0x00FCA0F1+565489]
	Ordinal0 [0x00FC9F13+565011]
	Ordinal0 [0x00FC9D07+564487]
	Ordinal0 [0x00FD82C0+623296]
	Ordinal0 [0x00F76BDD+224221]
	Ordinal0 [0x00F75CAC+220332]
	Ordinal0 [0x00F7189B+202907]
	Ordinal0 [0x00F53DF4+81396]
	Ordinal0 [0x00F54DEE+85486]
	Ordinal0 [0x00F54D79+85369]
	Ordinal0 [0x011685DC+2262492]
	GetHandleVerifier [0x013F2874+1487204]
	GetHandleVerifier [0x013F23CD+1486013]
	GetHandleVerifier [0x013FA368+1518680]
	GetHandleVerifier [0x013F2F4E+1488958]
	Ordinal0 [0x0115ED0D+2223373]
	Ordinal0 [0x0116A12B+2269483]
	Ordinal0 [0x0116A26F+2269807]
	Ordinal0 [0x0117ECB8+2354360]
	BaseThreadInitThunk [0x77D0FA29+25]
	RtlGetAppContainerNamedObjectPath [0x77E575F4+228]
	RtlGetAppContainerNamedObjectPath [0x77E575C4+180]

	at org.openqa.selenium.remote.W3CHandshakeResponse.lambda$errorHandler$0(W3CHandshakeResponse.java:62)
	at org.openqa.selenium.remote.HandshakeResponse.lambda$getResponseFunction$0(HandshakeResponse.java:30)
	at org.openqa.selenium.remote.ProtocolHandshake.lambda$createSession$0(ProtocolHandshake.java:126)
	at java.base/java.util.stream.ReferencePipeline$3$1.accept(ReferencePipeline.java:195)
	at java.base/java.util.Spliterators$ArraySpliterator.tryAdvance(Spliterators.java:958)
	at java.base/java.util.stream.ReferencePipeline.forEachWithCancel(ReferencePipeline.java:127)
	at java.base/java.util.stream.AbstractPipeline.copyIntoWithCancel(AbstractPipeline.java:502)
	at java.base/java.util.stream.AbstractPipeline.copyInto(AbstractPipeline.java:488)
	at java.base/java.util.stream.AbstractPipeline.wrapAndCopyInto(AbstractPipeline.java:474)
	at java.base/java.util.stream.FindOps$FindOp.evaluateSequential(FindOps.java:150)
	at java.base/java.util.stream.AbstractPipeline.evaluate(AbstractPipeline.java:234)
	at java.base/java.util.stream.ReferencePipeline.findFirst(ReferencePipeline.java:543)
	at org.openqa.selenium.remote.ProtocolHandshake.createSession(ProtocolHandshake.java:128)
	at org.openqa.selenium.remote.ProtocolHandshake.createSession(ProtocolHandshake.java:74)
	at org.openqa.selenium.remote.HttpCommandExecutor.execute(HttpCommandExecutor.java:136)
	at org.openqa.selenium.remote.service.DriverCommandExecutor.execute(DriverCommandExecutor.java:83)
	at org.openqa.selenium.remote.RemoteWebDriver.execute(RemoteWebDriver.java:552)
	at org.openqa.selenium.remote.RemoteWebDriver.startSession(RemoteWebDriver.java:213)
	at org.openqa.selenium.remote.RemoteWebDriver.&lt;init&gt;(RemoteWebDriver.java:131)
	at org.openqa.selenium.chrome.ChromeDriver.&lt;init&gt;(ChromeDriver.java:181)
	at org.openqa.selenium.chrome.ChromeDriver.&lt;init&gt;(ChromeDriver.java:168)
	at org.openqa.selenium.chrome.ChromeDriver.&lt;init&gt;(ChromeDriver.java:123)
	at com.jostens.qa.base.TestBase.initializeDriver(TestBase.java:112)
	at com.jostens.qa.base.TestBase.beforeSuite(TestBase.java:135)
... Removed 26 stack frames</div></td></tr></table><p class="totop"><a href="#summary">back to summary</a></p>
<h3 id="m1">com.jostens.qa.testcases.CheckoutPageTest#proceedWithCheckoutTest</h3><table class="result"><tr><th>Exception</th></tr><tr><td><div class="stacktrace">org.testng.TestNGException: 
Data Provider public java.lang.String[][] com.jostens.qa.util.ExcelMethods.getDataTable() returned a null value
	at java.base/java.util.ArrayList.forEach(ArrayList.java:1541)
... Removed 27 stack frames</div></td></tr></table><p class="totop"><a href="#summary">back to summary</a></p>
<h3 id="m2">com.jostens.qa.testcases.CheckoutPageTest#test2</h3><table class="result"><tr><th>Exception</th></tr><tr><td><div class="stacktrace">org.testng.TestNGException: 
Data Provider public java.lang.String[][] com.jostens.qa.util.ExcelMethods.getDataTable() returned a null value
	at java.base/java.util.ArrayList.forEach(ArrayList.java:1541)
... Removed 27 stack frames</div></td></tr></table><p class="totop"><a href="#summary">back to summary</a></p>
<h3 id="m3">com.jostens.qa.testcases.HomePageTest#searchForSchoolTest</h3><table class="result"><tr><th>Exception</th></tr><tr><td><div class="stacktrace">org.testng.TestNGException: 
Data Provider public java.lang.String[][] com.jostens.qa.util.ExcelMethods.getDataTable() returned a null value
	at java.base/java.util.ArrayList.forEach(ArrayList.java:1541)
... Removed 27 stack frames</div></td></tr></table><p class="totop"><a href="#summary">back to summary</a></p>
<h3 id="m4">com.jostens.qa.testcases.LoginPageTest#loginTest</h3><table class="result"><tr><th>Exception</th></tr><tr><td><div class="stacktrace">org.testng.TestNGException: 
Data Provider public java.lang.String[][] com.jostens.qa.util.ExcelMethods.getDataTable() returned a null value
	at java.base/java.util.ArrayList.forEach(ArrayList.java:1541)
... Removed 27 stack frames</div></td></tr></table><p class="totop"><a href="#summary">back to summary</a></p>
<h3 id="m5">com.jostens.qa.testcases.PaymentPageTest#test</h3><table class="result"><tr><th>Exception</th></tr><tr><td><div class="stacktrace">org.testng.TestNGException: 
Data Provider public java.lang.String[][] com.jostens.qa.util.ExcelMethods.getDataTable() returned a null value
	at java.base/java.util.ArrayList.forEach(ArrayList.java:1541)
... Removed 27 stack frames</div></td></tr></table><p class="totop"><a href="#summary">back to summary</a></p>
<h3 id="m6">com.jostens.qa.testcases.SchoolStorePageTest#productSearchTest</h3><table class="result"><tr><th>Exception</th></tr><tr><td><div class="stacktrace">org.testng.TestNGException: 
Data Provider public java.lang.String[][] com.jostens.qa.util.ExcelMethods.getDataTable() returned a null value
	at java.base/java.util.ArrayList.forEach(ArrayList.java:1541)
... Removed 27 stack frames</div></td></tr></table><p class="totop"><a href="#summary">back to summary</a></p>
<h3 id="m7">com.jostens.qa.testcases.ShoppingCartPageTest#addProductToCartTest</h3><table class="result"><tr><th>Exception</th></tr><tr><td><div class="stacktrace">org.testng.TestNGException: 
Data Provider public java.lang.String[][] com.jostens.qa.util.ExcelMethods.getDataTable() returned a null value
	at java.base/java.util.ArrayList.forEach(ArrayList.java:1541)
... Removed 27 stack frames</div></td></tr></table><p class="totop"><a href="#summary">back to summary</a></p>
<h3 id="m8">com.jostens.qa.testcases.CheckoutPageTest#beforeClass</h3><table class="result"><tr><th class="invisible"/></tr></table><p class="totop"><a href="#summary">back to summary</a></p>
<h3 id="m9">com.jostens.qa.testcases.HomePageTest#beforeClass</h3><table class="result"><tr><th class="invisible"/></tr></table><p class="totop"><a href="#summary">back to summary</a></p>
<h3 id="m10">com.jostens.qa.testcases.LoginPageTest#afterSuite</h3><table class="result"><tr><th class="invisible"/></tr></table><p class="totop"><a href="#summary">back to summary</a></p>
<h3 id="m11">com.jostens.qa.testcases.LoginPageTest#beforeClass</h3><table class="result"><tr><th class="invisible"/></tr></table><p class="totop"><a href="#summary">back to summary</a></p>
<h3 id="m12">com.jostens.qa.testcases.PaymentPageTest#beforeClass</h3><table class="result"><tr><th class="invisible"/></tr></table><p class="totop"><a href="#summary">back to summary</a></p>
<h3 id="m13">com.jostens.qa.testcases.SchoolStorePageTest#beforeClass</h3><table class="result"><tr><th class="invisible"/></tr></table><p class="totop"><a href="#summary">back to summary</a></p>
<h3 id="m14">com.jostens.qa.testcases.ShoppingCartPageTest#beforeClass</h3><table class="result"><tr><th class="invisible"/></tr></table><p class="totop"><a href="#summary">back to summary</a></p>
</body>
</html>
