<?xml version="1.0" encoding="UTF-8"?>
<testsuite name="TestSuite" time="142.651" tests="24" errors="0" skipped="2" failures="3">
  <properties>
    <property name="java.runtime.name" value="Java(TM) SE Runtime Environment"/>
    <property name="sun.boot.library.path" value="C:\Program Files\Java\jdk1.8.0_271\jre\bin"/>
    <property name="java.vm.version" value="25.271-b09"/>
    <property name="java.vm.vendor" value="Oracle Corporation"/>
    <property name="maven.multiModuleProjectDirectory" value="C:\Users\Owner\selenium-workplace\Jostens4"/>
    <property name="java.vendor.url" value="http://java.oracle.com/"/>
    <property name="path.separator" value=";"/>
    <property name="guice.disable.misplaced.annotation.check" value="true"/>
    <property name="java.vm.name" value="Java HotSpot(TM) 64-Bit Server VM"/>
    <property name="file.encoding.pkg" value="sun.io"/>
    <property name="user.script" value=""/>
    <property name="user.country" value="US"/>
    <property name="sun.java.launcher" value="SUN_STANDARD"/>
    <property name="sun.os.patch.level" value=""/>
    <property name="java.vm.specification.name" value="Java Virtual Machine Specification"/>
    <property name="user.dir" value="C:\Users\Owner\selenium-workplace\Jostens4"/>
    <property name="java.runtime.version" value="1.8.0_271-b09"/>
    <property name="java.awt.graphicsenv" value="sun.awt.Win32GraphicsEnvironment"/>
    <property name="java.endorsed.dirs" value="C:\Program Files\Java\jdk1.8.0_271\jre\lib\endorsed"/>
    <property name="os.arch" value="amd64"/>
    <property name="java.io.tmpdir" value="C:\Users\Owner\AppData\Local\Temp\"/>
    <property name="line.separator" value="&#10;"/>
    <property name="java.vm.specification.vendor" value="Oracle Corporation"/>
    <property name="user.variant" value=""/>
    <property name="os.name" value="Windows 10"/>
    <property name="classworlds.conf" value="C:\Users\Owner\Documents\Selenium\apache-maven-3.6.3\bin\..\bin\m2.conf"/>
    <property name="sun.jnu.encoding" value="Cp1252"/>
    <property name="java.library.path" value="C:\Program Files\Java\jdk1.8.0_271\bin;C:\WINDOWS\Sun\Java\bin;C:\WINDOWS\system32;C:\WINDOWS;C:\Program Files\Common Files\Oracle\Java\javapath;C:\Python38\Scripts\;C:\Python38\;C:\Program Files (x86)\Common Files\Oracle\Java\javapath;C:\WINDOWS\system32;C:\WINDOWS;C:\WINDOWS\System32\Wbem;C:\WINDOWS\System32\WindowsPowerShell\v1.0\;C:\Program Files\Microsoft SQL Server\130\Tools\Binn\;C:\Program Files\dotnet\;C:\WINDOWS\System32\OpenSSH\;C:\Program Files\Java\jdk1.7.0_80\bin;C:\Program Files\nodejs\;C:\ProgramData\chocolatey\bin;C:\Program Files (x86)\Micro Focus\UFT Developer\bin;C:\Program Files\Git\cmd;C:\Users\Owner\Documents\Selenium\commandlinetools-win-6858069_latest\cmdline-tools\bin\path-to-where-cmdline-tools-is\platform-tools;C:\Users\Owner\Documents\Selenium\apache-maven-3.6.3\bin;C:\Users\Owner\AppData\Local\Microsoft\WindowsApps;C:\Users\Owner\AppData\Roaming\npm;;."/>
    <property name="maven.conf" value="C:\Users\Owner\Documents\Selenium\apache-maven-3.6.3\bin\../conf"/>
    <property name="java.specification.name" value="Java Platform API Specification"/>
    <property name="java.class.version" value="52.0"/>
    <property name="sun.management.compiler" value="HotSpot 64-Bit Tiered Compilers"/>
    <property name="os.version" value="10.0"/>
    <property name="library.jansi.path" value="C:\Users\Owner\Documents\Selenium\apache-maven-3.6.3\bin\..\lib\jansi-native"/>
    <property name="user.home" value="C:\Users\Owner"/>
    <property name="user.timezone" value="America/Chicago"/>
    <property name="java.awt.printerjob" value="sun.awt.windows.WPrinterJob"/>
    <property name="java.specification.version" value="1.8"/>
    <property name="file.encoding" value="Cp1252"/>
    <property name="user.name" value="Owner"/>
    <property name="java.class.path" value="C:\Users\Owner\Documents\Selenium\apache-maven-3.6.3\bin\..\boot\plexus-classworlds-2.6.0.jar"/>
    <property name="java.vm.specification.version" value="1.8"/>
    <property name="sun.arch.data.model" value="64"/>
    <property name="java.home" value="C:\Program Files\Java\jdk1.8.0_271\jre"/>
    <property name="sun.java.command" value="org.codehaus.plexus.classworlds.launcher.Launcher test -PTest1"/>
    <property name="java.specification.vendor" value="Oracle Corporation"/>
    <property name="user.language" value="en"/>
    <property name="awt.toolkit" value="sun.awt.windows.WToolkit"/>
    <property name="java.vm.info" value="mixed mode"/>
    <property name="java.version" value="1.8.0_271"/>
    <property name="java.ext.dirs" value="C:\Program Files\Java\jdk1.8.0_271\jre\lib\ext;C:\WINDOWS\Sun\Java\lib\ext"/>
    <property name="sun.boot.class.path" value="C:\Program Files\Java\jdk1.8.0_271\jre\lib\resources.jar;C:\Program Files\Java\jdk1.8.0_271\jre\lib\rt.jar;C:\Program Files\Java\jdk1.8.0_271\jre\lib\sunrsasign.jar;C:\Program Files\Java\jdk1.8.0_271\jre\lib\jsse.jar;C:\Program Files\Java\jdk1.8.0_271\jre\lib\jce.jar;C:\Program Files\Java\jdk1.8.0_271\jre\lib\charsets.jar;C:\Program Files\Java\jdk1.8.0_271\jre\lib\jfr.jar;C:\Program Files\Java\jdk1.8.0_271\jre\classes;C:\Program Files (x86)\Micro Focus\UFT Developer\bin\java_shared\classes;C:\Program Files (x86)\Micro Focus\UFT Developer\bin\java_shared\classes\jasmine.jar"/>
    <property name="sun.stderr.encoding" value="cp437"/>
    <property name="java.vendor" value="Oracle Corporation"/>
    <property name="maven.home" value="C:\Users\Owner\Documents\Selenium\apache-maven-3.6.3\bin\.."/>
    <property name="file.separator" value="\"/>
    <property name="java.vendor.url.bug" value="http://bugreport.sun.com/bugreport/"/>
    <property name="sun.cpu.endian" value="little"/>
    <property name="sun.io.unicode.encoding" value="UnicodeLittle"/>
    <property name="sun.stdout.encoding" value="cp437"/>
    <property name="sun.desktop" value="windows"/>
    <property name="sun.cpu.isalist" value="amd64"/>
  </properties>
  <testcase name="loginTest" classname="com.jostens.qa.testcases.ALoginPageTest" time="37.097">
    <failure message="An element could not be located on the page using the given search parameters. (WARNING: The server did not provide any stacktrace information)&#10;Command duration or timeout: 0 milliseconds&#10;For documentation on this error, please visit: https://www.seleniumhq.org/exceptions/no_such_element.html&#10;Build info: version: &apos;3.141.59&apos;, revision: &apos;e82be7d358&apos;, time: &apos;2018-11-14T08:17:03&apos;&#10;System info: host: &apos;DESKTOP-LTKBB09&apos;, ip: &apos;192.168.1.6&apos;, os.name: &apos;Windows 10&apos;, os.arch: &apos;amd64&apos;, os.version: &apos;10.0&apos;, java.version: &apos;1.8.0_271&apos;&#10;Driver info: org.openqa.selenium.remote.RemoteWebDriver&#10;Capabilities {acceptInsecureCerts: false, acceptSslCerts: false, applicationCacheEnabled: false, browserConnectionEnabled: false, browserName: chrome, chrome: {chromedriverVersion: 81.0.4044.69 (6813546031a4b..., userDataDir: C:\Windows\proxy\scoped_dir...}, cssSelectorsEnabled: true, databaseEnabled: false, goog:chromeOptions: {debuggerAddress: localhost:3445}, handlesAlerts: true, hasTouchScreen: false, javascriptEnabled: true, locationContextEnabled: true, mobileEmulationEnabled: false, nativeEvents: true, networkConnectionEnabled: false, pageLoadStrategy: normal, platform: WINDOWS, platformName: WINDOWS, rotatable: false, setWindowRect: true, strictFileInteractability: false, takesHeapSnapshot: true, takesScreenshot: true, timeouts: {implicit: 0, pageLoad: 300000, script: 30000}, unexpectedAlertBehaviour: ignore, unhandledPromptBehavior: ignore, version: 81.0.4044.129, webStorageEnabled: true, webauthn:virtualAuthenticators: true, webdriver.remote.sessionid: d2a106c03e2e6a8ceb19f6fec84...}&#10;Session ID: d2a106c03e2e6a8ceb19f6fec844f026f309b985&#10;*** Element info: {Using=xpath, value=//a[@id=&apos;sign-in-dropdown-toggle__utility-bar&apos;]}" type="org.openqa.selenium.NoSuchElementException">org.openqa.selenium.NoSuchElementException: An element could not be located on the page using the given search parameters. (WARNING: The server did not provide any stacktrace information)
Command duration or timeout: 0 milliseconds
For documentation on this error, please visit: https://www.seleniumhq.org/exceptions/no_such_element.html
Build info: version: '3.141.59', revision: 'e82be7d358', time: '2018-11-14T08:17:03'
System info: host: 'DESKTOP-LTKBB09', ip: '192.168.1.6', os.name: 'Windows 10', os.arch: 'amd64', os.version: '10.0', java.version: '1.8.0_271'
Driver info: org.openqa.selenium.remote.RemoteWebDriver
Capabilities {acceptInsecureCerts: false, acceptSslCerts: false, applicationCacheEnabled: false, browserConnectionEnabled: false, browserName: chrome, chrome: {chromedriverVersion: 81.0.4044.69 (6813546031a4b..., userDataDir: C:\Windows\proxy\scoped_dir...}, cssSelectorsEnabled: true, databaseEnabled: false, goog:chromeOptions: {debuggerAddress: localhost:3445}, handlesAlerts: true, hasTouchScreen: false, javascriptEnabled: true, locationContextEnabled: true, mobileEmulationEnabled: false, nativeEvents: true, networkConnectionEnabled: false, pageLoadStrategy: normal, platform: WINDOWS, platformName: WINDOWS, rotatable: false, setWindowRect: true, strictFileInteractability: false, takesHeapSnapshot: true, takesScreenshot: true, timeouts: {implicit: 0, pageLoad: 300000, script: 30000}, unexpectedAlertBehaviour: ignore, unhandledPromptBehavior: ignore, version: 81.0.4044.129, webStorageEnabled: true, webauthn:virtualAuthenticators: true, webdriver.remote.sessionid: d2a106c03e2e6a8ceb19f6fec84...}
Session ID: d2a106c03e2e6a8ceb19f6fec844f026f309b985
*** Element info: {Using=xpath, value=//a[@id='sign-in-dropdown-toggle__utility-bar']}
	at sun.reflect.NativeConstructorAccessorImpl.newInstance0(Native Method)
	at sun.reflect.NativeConstructorAccessorImpl.newInstance(NativeConstructorAccessorImpl.java:62)
	at sun.reflect.DelegatingConstructorAccessorImpl.newInstance(DelegatingConstructorAccessorImpl.java:45)
	at java.lang.reflect.Constructor.newInstance(Constructor.java:423)
	at org.openqa.selenium.remote.ErrorHandler.createThrowable(ErrorHandler.java:214)
	at org.openqa.selenium.remote.ErrorHandler.throwIfResponseFailed(ErrorHandler.java:166)
	at org.openqa.selenium.remote.http.JsonHttpResponseCodec.reconstructValue(JsonHttpResponseCodec.java:40)
	at org.openqa.selenium.remote.http.AbstractHttpResponseCodec.decode(AbstractHttpResponseCodec.java:80)
	at org.openqa.selenium.remote.http.AbstractHttpResponseCodec.decode(AbstractHttpResponseCodec.java:44)
	at org.openqa.selenium.remote.HttpCommandExecutor.execute(HttpCommandExecutor.java:158)
	at org.openqa.selenium.remote.RemoteWebDriver.execute(RemoteWebDriver.java:552)
	at org.openqa.selenium.remote.RemoteWebDriver.findElement(RemoteWebDriver.java:323)
	at org.openqa.selenium.remote.RemoteWebDriver.findElementByXPath(RemoteWebDriver.java:428)
	at org.openqa.selenium.By$ByXPath.findElement(By.java:353)
	at org.openqa.selenium.remote.RemoteWebDriver.findElement(RemoteWebDriver.java:315)
	at sun.reflect.NativeMethodAccessorImpl.invoke0(Native Method)
	at sun.reflect.NativeMethodAccessorImpl.invoke(NativeMethodAccessorImpl.java:62)
	at sun.reflect.DelegatingMethodAccessorImpl.invoke(DelegatingMethodAccessorImpl.java:43)
	at java.lang.reflect.Method.invoke(Method.java:498)
	at org.openqa.selenium.support.events.EventFiringWebDriver.lambda$new$1(EventFiringWebDriver.java:105)
	at com.sun.proxy.$Proxy7.findElement(Unknown Source)
	at org.openqa.selenium.support.events.EventFiringWebDriver.findElement(EventFiringWebDriver.java:194)
	at org.openqa.selenium.support.pagefactory.DefaultElementLocator.findElement(DefaultElementLocator.java:69)
	at org.openqa.selenium.support.pagefactory.internal.LocatingElementHandler.invoke(LocatingElementHandler.java:38)
	at com.sun.proxy.$Proxy11.click(Unknown Source)
	at com.jostens.qa.pages.LoginPage.login(LoginPage.java:72)
	at com.jostens.qa.testcases.ALoginPageTest.loginTest(ALoginPageTest.java:55)
</failure>
    <system-out><![CDATA[[TestNG] [WARN] Ignoring duplicate listener : com.jostens.qa.util.Listeners
[TestNG] [WARN] Ignoring duplicate listener : com.jostens.qa.util.Listeners
[TestNG] [WARN] Ignoring duplicate listener : com.jostens.qa.util.Listeners
File deleted successfully
Performing the script's setups (@BeforeSuite)
hello
bye
Initializing the script's PageFactories
@Test - loginTest()
Navigating to the website -> https://www.jostens.com/
Attempting to login with the userid -> Steve.VerMulm@gmail.com
onTestFailure -> Test Name: loginTest in class name: class org.testng.internal.TestResult
onTestFailure -> Test Status: 2/[TestResult name=loginTest status=FAILURE method=ALoginPageTest.loginTest()[pri:0, instance:com.jostens.qa.testcases.ALoginPageTest@ff5b51f] output={null}]
]]></system-out>
    <system-err><![CDATA[[main] INFO io.github.bonigarcia.wdm.WebDriverManager - Using chromedriver 88.0.4324.96 (resolved driver for Chrome 88)
[main] INFO io.github.bonigarcia.wdm.WebDriverManager - Exporting webdriver.chrome.driver as C:\Users\Owner\.cache\selenium\chromedriver\win32\88.0.4324.96\chromedriver.exe
Feb 20, 2021 8:03:06 PM org.openqa.selenium.remote.ProtocolHandshake createSession
INFO: Detected dialect: OSS
]]></system-err>
  </testcase>
  <testcase name="loginTest" classname="com.jostens.qa.testcases.ALoginPageTest" time="23.904"/>
  <testcase name="searchSchoolTest" classname="com.jostens.qa.testcases.BSearchSchoolPageTest" time="19.399"/>
  <testcase name="searchSchoolTest" classname="com.jostens.qa.testcases.BSearchSchoolPageTest" time="7.157"/>
  <testcase name="productSearchTest" classname="com.jostens.qa.testcases.CProductDetailPageTest" time="54.402"/>
  <testcase name="productSearchTest" classname="com.jostens.qa.testcases.CProductDetailPageTest" time="38.219"/>
  <testcase name="productSearchTest" classname="com.jostens.qa.testcases.CProductDetailPageTest" time="37.678"/>
  <testcase name="productSearchTest" classname="com.jostens.qa.testcases.CProductDetailPageTest" time="41.709"/>
  <testcase name="productSearchTest" classname="com.jostens.qa.testcases.CProductDetailPageTest" time="33.364"/>
  <testcase name="productSearchTest" classname="com.jostens.qa.testcases.CProductDetailPageTest" time="33.643"/>
  <testcase name="addProductToCartTest" classname="com.jostens.qa.testcases.DShoppingCartPageTest" time="5.662"/>
  <testcase name="addProductToCartTest" classname="com.jostens.qa.testcases.DShoppingCartPageTest" time="1.99"/>
  <testcase name="addProductToCartTest" classname="com.jostens.qa.testcases.DShoppingCartPageTest" time="1.443"/>
  <testcase name="addProductToCartTest" classname="com.jostens.qa.testcases.DShoppingCartPageTest" time="3.845"/>
  <testcase name="addProductToCartTest" classname="com.jostens.qa.testcases.DShoppingCartPageTest" time="1.343"/>
  <testcase name="addProductToCartTest" classname="com.jostens.qa.testcases.DShoppingCartPageTest" time="1.077"/>
  <testcase name="proceedWithCheckoutTest" classname="com.jostens.qa.testcases.ECheckoutPageTest" time="26.091">
    <failure message="The following asserts failed:&#10;	expected [Information - Jostens School Store] but found [Information - Jostens School Store - Checkout]" type="java.lang.AssertionError">java.lang.AssertionError: The following asserts failed:
	expected [Information - Jostens School Store] but found [Information - Jostens School Store - Checkout]
	at org.testng.asserts.SoftAssert.assertAll(SoftAssert.java:47)
	at org.testng.asserts.SoftAssert.assertAll(SoftAssert.java:31)
	at com.jostens.qa.testcases.ECheckoutPageTest.proceedWithCheckoutTest(ECheckoutPageTest.java:86)
</failure>
    <system-out><![CDATA[The Test Case that passed is: addProductToCartTest
Initializing the script's PageFactories
C:\Users\Owner\selenium-workplace\Jostens4\src\main\java\com\jostens\qa\testdata\newJostens2.xlsx - Checkout
@Test - proceedWithCheckoutTest()
Proceeding to the Checkout Page
Entering the user's email in the Checkout Page for shipping
Remove the check for the 'Send Email Updates' checkbox.
Entering the user's name in the Checkout Page for shipping
Entering the user's address in the Checkout Page for shipping
Entering the user's phone number in the Checkout Page for contact info
Proceeding to the Shipping Page
saveInfo=no
saveInfoCheckbox.isSelect()=false
onTestFailure -> Test Name: proceedWithCheckoutTest in class name: class org.testng.internal.TestResult
onTestFailure -> Test Status: 2/[TestResult name=proceedWithCheckoutTest status=FAILURE method=ECheckoutPageTest.proceedWithCheckoutTest(java.lang.String, java.lang.String, java.lang.String, java.lang.String, java.lang.String, java.lang.String, java.lang.String, java.lang.String, java.lang.String, java.lang.String, java.lang.String, java.lang.String, java.lang.String, java.lang.String, java.lang.String, java.lang.String, java.lang.String, java.lang.String)[pri:0, instance:com.jostens.qa.testcases.ECheckoutPageTest@4b952a2d] output={null}]
]]></system-out>
  </testcase>
  <testcase name="proceedWithCheckoutTest" classname="com.jostens.qa.testcases.ECheckoutPageTest" time="23.736"/>
  <testcase name="proceedWithCheckoutTest" classname="com.jostens.qa.testcases.ECheckoutPageTest" time="21.218"/>
  <testcase name="proceedWithCheckoutTest" classname="com.jostens.qa.testcases.ECheckoutPageTest" time="19.132">
    <failure message="The following asserts failed:&#10;	expected [Information - Jostens School Store] but found [Information - Jostens School Store - Checkout]" type="java.lang.AssertionError">java.lang.AssertionError: The following asserts failed:
	expected [Information - Jostens School Store] but found [Information - Jostens School Store - Checkout]
	at org.testng.asserts.SoftAssert.assertAll(SoftAssert.java:47)
	at org.testng.asserts.SoftAssert.assertAll(SoftAssert.java:31)
	at com.jostens.qa.testcases.ECheckoutPageTest.proceedWithCheckoutTest(ECheckoutPageTest.java:86)
</failure>
    <system-out><![CDATA[The Test Case that passed is: addProductToCartTest
Initializing the script's PageFactories
C:\Users\Owner\selenium-workplace\Jostens4\src\main\java\com\jostens\qa\testdata\newJostens2.xlsx - Checkout
@Test - proceedWithCheckoutTest()
Proceeding to the Checkout Page
Entering the user's email in the Checkout Page for shipping
Remove the check for the 'Send Email Updates' checkbox.
Entering the user's name in the Checkout Page for shipping
Entering the user's address in the Checkout Page for shipping
Entering the user's phone number in the Checkout Page for contact info
Proceeding to the Shipping Page
saveInfo=no
saveInfoCheckbox.isSelect()=false
onTestFailure -> Test Name: proceedWithCheckoutTest in class name: class org.testng.internal.TestResult
onTestFailure -> Test Status: 2/[TestResult name=proceedWithCheckoutTest status=FAILURE method=ECheckoutPageTest.proceedWithCheckoutTest(java.lang.String, java.lang.String, java.lang.String, java.lang.String, java.lang.String, java.lang.String, java.lang.String, java.lang.String, java.lang.String, java.lang.String, java.lang.String, java.lang.String, java.lang.String, java.lang.String, java.lang.String, java.lang.String, java.lang.String, java.lang.String)[pri:0, instance:com.jostens.qa.testcases.ECheckoutPageTest@2286778] output={null}]
]]></system-out>
  </testcase>
  <testcase name="proceedWithCheckoutTest" classname="com.jostens.qa.testcases.ECheckoutPageTest" time="19.264"/>
  <testcase name="proceedWithCheckoutTest" classname="com.jostens.qa.testcases.ECheckoutPageTest" time="17.906"/>
  <testcase name="paymentPageTest" classname="com.jostens.qa.testcases.FPaymentPageTest" time="0">
    <skipped/>
    <system-out><![CDATA[The Test Case that passed is: proceedWithCheckoutTest
Initializing the script's PageFactories
C:\Users\Owner\selenium-workplace\Jostens4\src\main\java\com\jostens\qa\testdata\newJostens2.xlsx - Payment
@Test - PaymentPageTest()
onTestSkipped -> Test Name: paymentPageTest / paymentPageTest-FPaymentPageTest.paymentPageTest(java.lang.String, java.lang.String, java.lang.String, java.lang.String, java.lang.String, java.lang.String, java.lang.String, java.lang.String)[pri:0, instance:com.jostens.qa.testcases.FPaymentPageTest@3159c4b8]
Test Skipped due to:
[]
]]></system-out>
  </testcase>
  <testcase name="paymentPageTest" classname="com.jostens.qa.testcases.FPaymentPageTest" time="0">
    <skipped/>
    <system-out><![CDATA[The Test Case that passed is: proceedWithCheckoutTest
Initializing the script's PageFactories
C:\Users\Owner\selenium-workplace\Jostens4\src\main\java\com\jostens\qa\testdata\newJostens2.xlsx - Payment
@Test - PaymentPageTest()
onTestSkipped -> Test Name: paymentPageTest / paymentPageTest-FPaymentPageTest.paymentPageTest(java.lang.String, java.lang.String, java.lang.String, java.lang.String, java.lang.String, java.lang.String, java.lang.String, java.lang.String)[pri:0, instance:com.jostens.qa.testcases.FPaymentPageTest@4e9ba398]
Test Skipped due to:
[]
]]></system-out>
  </testcase>
</testsuite>