<!DOCTYPE html PUBLIC "-//W3C//DTD XHTML 1.1//EN" "https://www.w3.org/TR/xhtml11/DTD/xhtml11.dtd">
<html xmlns="https://www.w3.org/1999/xhtml">
<head>
<meta http-equiv="content-type" content="text/html; charset=UTF-8"/>
<title>TestNG Report</title>
<style type="text/css">table {margin-bottom:10px;border-collapse:collapse;empty-cells:show}th,td {border:1px solid #009;padding:.25em .5em}th {vertical-align:bottom}td {vertical-align:top}table a {font-weight:bold}.stripe td {background-color: #E6EBF9}.num {text-align:right}.passedodd td {background-color: #3F3}.passedeven td {background-color: #0A0}.skippedodd td {background-color: #DDD}.skippedeven td {background-color: #CCC}.failedodd td,.attn {background-color: #F33}.failedeven td,.stripe .attn {background-color: #D00}.stacktrace {white-space:pre;font-family:monospace}.totop {font-size:85%;text-align:center;border-bottom:2px solid #000}.invisible {display:none}</style>
</head>
<body>
<table>
<tr><th>Test</th><th># Passed</th><th># Skipped</th><th># Retried</th><th># Failed</th><th>Time (ms)</th><th>Included Groups</th><th>Excluded Groups</th></tr>
<tr><th colspan="8">TestSuite</th></tr>
<tr><td><a href="#t0">Regression Chrome</a></td><td class="num">0</td><td class="num attn">1</td><td class="num">0</td><td class="num attn">5</td><td class="num">3,497</td><td></td><td></td></tr>
</table>
<table id='summary'><thead><tr><th>Class</th><th>Method</th><th>Start</th><th>Time (ms)</th></tr></thead><tbody><tr><th colspan="4">TestSuite</th></tr></tbody><tbody id="t0"><tr><th colspan="4">Regression Chrome &#8212; failed (configuration methods)</th></tr><tr class="failedeven"><td rowspan="1">com.jostens.qa.testcases.ALoginPageTest</td><td><a href="#m0">beforeSuite</a></td><td rowspan="1">1613934753693</td><td rowspan="1">2107</td></tr><tr><th colspan="4">Regression Chrome &#8212; failed</th></tr><tr class="failedeven"><td rowspan="1">com.jostens.qa.testcases.BSearchSchoolPageTest</td><td><a href="#m1">searchSchoolTest</a></td><td rowspan="1">1613934756775</td><td rowspan="1">0</td></tr><tr class="failedodd"><td rowspan="1">com.jostens.qa.testcases.CProductDetailPageTest</td><td><a href="#m2">productSearchTest</a></td><td rowspan="1">1613934756894</td><td rowspan="1">0</td></tr><tr class="failedeven"><td rowspan="1">com.jostens.qa.testcases.DShoppingCartPageTest</td><td><a href="#m3">addProductToCartTest</a></td><td rowspan="1">1613934757021</td><td rowspan="1">0</td></tr><tr class="failedodd"><td rowspan="1">com.jostens.qa.testcases.ECheckoutPageTest</td><td><a href="#m4">proceedWithCheckoutTest</a></td><td rowspan="1">1613934757120</td><td rowspan="1">0</td></tr><tr class="failedeven"><td rowspan="1">com.jostens.qa.testcases.FPaymentPageTest</td><td><a href="#m5">paymentPageTest</a></td><td rowspan="1">1613934757182</td><td rowspan="1">0</td></tr><tr><th colspan="4">Regression Chrome &#8212; skipped (configuration methods)</th></tr><tr class="skippedeven"><td rowspan="3">com.jostens.qa.testcases.ALoginPageTest</td><td><a href="#m6">afterMethod</a></td><td rowspan="1">1613934755850</td><td rowspan="1">-1613934755850</td></tr><tr class="skippedeven"><td><a href="#m7">afterSuite</a></td><td rowspan="1">1613934757244</td><td rowspan="1">-1613934757244</td></tr><tr class="skippedeven"><td><a href="#m8">beforeClass</a></td><td rowspan="1">1613934755827</td><td rowspan="1">-1613934755827</td></tr><tr class="skippedodd"><td rowspan="1">com.jostens.qa.testcases.BSearchSchoolPageTest</td><td><a href="#m9">beforeClass</a></td><td rowspan="1">1613934755854</td><td rowspan="1">-1613934755854</td></tr><tr class="skippedeven"><td rowspan="1">com.jostens.qa.testcases.CProductDetailPageTest</td><td><a href="#m10">beforeClass</a></td><td rowspan="1">1613934756778</td><td rowspan="1">-1613934756778</td></tr><tr class="skippedodd"><td rowspan="1">com.jostens.qa.testcases.DShoppingCartPageTest</td><td><a href="#m11">beforeClass</a></td><td rowspan="1">1613934756897</td><td rowspan="1">-1613934756897</td></tr><tr class="skippedeven"><td rowspan="1">com.jostens.qa.testcases.ECheckoutPageTest</td><td><a href="#m12">beforeClass</a></td><td rowspan="1">1613934757023</td><td rowspan="1">-1613934757023</td></tr><tr class="skippedodd"><td rowspan="1">com.jostens.qa.testcases.FPaymentPageTest</td><td><a href="#m13">beforeClass</a></td><td rowspan="1">1613934757122</td><td rowspan="1">-1613934757122</td></tr><tr><th colspan="4">Regression Chrome &#8212; skipped</th></tr><tr class="skippedeven"><td rowspan="1">com.jostens.qa.testcases.ALoginPageTest</td><td><a href="#m14">loginTest</a></td><td rowspan="1">1613934755843</td><td rowspan="1">0</td></tr></tbody>
</table>
<h2>Regression Chrome</h2><h3 id="m0">com.jostens.qa.testcases.ALoginPageTest#beforeSuite</h3><table class="result"><tr><th>Exception</th></tr><tr><td><div class="stacktrace">org.openqa.selenium.WebDriverException: Automate testing time expired. (WARNING: The server did not provide any stacktrace information)
Command duration or timeout: 908 milliseconds
Build info: version: &apos;3.141.59&apos;, revision: &apos;e82be7d358&apos;, time: &apos;2018-11-14T08:17:03&apos;
System info: host: &apos;DESKTOP-LTKBB09&apos;, ip: &apos;192.168.1.6&apos;, os.name: &apos;Windows 10&apos;, os.arch: &apos;amd64&apos;, os.version: &apos;10.0&apos;, java.version: &apos;11.0.9&apos;
Driver info: driver.version: RemoteWebDriver
	at org.openqa.selenium.remote.ErrorHandler.createThrowable(ErrorHandler.java:214)
	at org.openqa.selenium.remote.ErrorHandler.throwIfResponseFailed(ErrorHandler.java:166)
	at org.openqa.selenium.remote.JsonWireProtocolResponse.lambda$errorHandler$0(JsonWireProtocolResponse.java:54)
	at org.openqa.selenium.remote.HandshakeResponse.lambda$getResponseFunction$0(HandshakeResponse.java:30)
	at org.openqa.selenium.remote.ProtocolHandshake.lambda$createSession$0(ProtocolHandshake.java:126)
	at java.base/java.util.stream.ReferencePipeline$3$1.accept(ReferencePipeline.java:195)
	at java.base/java.util.Spliterators$ArraySpliterator.tryAdvance(Spliterators.java:958)
	at java.base/java.util.stream.ReferencePipeline.forEachWithCancel(ReferencePipeline.java:127)
	at java.base/java.util.stream.AbstractPipeline.copyIntoWithCancel(AbstractPipeline.java:502)
	at java.base/java.util.stream.AbstractPipeline.copyInto(AbstractPipeline.java:488)
	at java.base/java.util.stream.AbstractPipeline.wrapAndCopyInto(AbstractPipeline.java:474)
	at java.base/java.util.stream.FindOps$FindOp.evaluateSequential(FindOps.java:150)
	at java.base/java.util.stream.AbstractPipeline.evaluate(AbstractPipeline.java:234)
	at java.base/java.util.stream.ReferencePipeline.findFirst(ReferencePipeline.java:543)
	at org.openqa.selenium.remote.ProtocolHandshake.createSession(ProtocolHandshake.java:128)
	at org.openqa.selenium.remote.ProtocolHandshake.createSession(ProtocolHandshake.java:74)
	at org.openqa.selenium.remote.HttpCommandExecutor.execute(HttpCommandExecutor.java:136)
	at org.openqa.selenium.remote.RemoteWebDriver.execute(RemoteWebDriver.java:552)
	at org.openqa.selenium.remote.RemoteWebDriver.startSession(RemoteWebDriver.java:213)
	at org.openqa.selenium.remote.RemoteWebDriver.&lt;init&gt;(RemoteWebDriver.java:131)
	at org.openqa.selenium.remote.RemoteWebDriver.&lt;init&gt;(RemoteWebDriver.java:144)
	at com.jostens.qa.base.TestBase.initializeDriver(TestBase.java:146)
	at com.jostens.qa.base.TestBase.beforeSuite(TestBase.java:181)
... Removed 28 stack frames</div></td></tr></table><p class="totop"><a href="#summary">back to summary</a></p>
<h3 id="m1">com.jostens.qa.testcases.BSearchSchoolPageTest#searchSchoolTest</h3><table class="result"><tr><th>Exception</th></tr><tr><td><div class="stacktrace">org.testng.TestNGException: 
Data Provider public java.lang.String[][] com.jostens.qa.util.ExcelUtil.getDataTable() returned a null value
	at java.base/java.util.ArrayList.forEach(ArrayList.java:1541)
... Removed 24 stack frames</div></td></tr></table><p class="totop"><a href="#summary">back to summary</a></p>
<h3 id="m2">com.jostens.qa.testcases.CProductDetailPageTest#productSearchTest</h3><table class="result"><tr><th>Exception</th></tr><tr><td><div class="stacktrace">org.testng.TestNGException: 
Data Provider public java.lang.String[][] com.jostens.qa.util.ExcelUtil.getDataTable() returned a null value
	at java.base/java.util.ArrayList.forEach(ArrayList.java:1541)
... Removed 24 stack frames</div></td></tr></table><p class="totop"><a href="#summary">back to summary</a></p>
<h3 id="m3">com.jostens.qa.testcases.DShoppingCartPageTest#addProductToCartTest</h3><table class="result"><tr><th>Exception</th></tr><tr><td><div class="stacktrace">org.testng.TestNGException: 
Data Provider public java.lang.String[][] com.jostens.qa.util.ExcelUtil.getDataTable() returned a null value
	at java.base/java.util.ArrayList.forEach(ArrayList.java:1541)
... Removed 24 stack frames</div></td></tr></table><p class="totop"><a href="#summary">back to summary</a></p>
<h3 id="m4">com.jostens.qa.testcases.ECheckoutPageTest#proceedWithCheckoutTest</h3><table class="result"><tr><th>Exception</th></tr><tr><td><div class="stacktrace">org.testng.TestNGException: 
Data Provider public java.lang.String[][] com.jostens.qa.util.ExcelUtil.getDataTable() returned a null value
	at java.base/java.util.ArrayList.forEach(ArrayList.java:1541)
... Removed 24 stack frames</div></td></tr></table><p class="totop"><a href="#summary">back to summary</a></p>
<h3 id="m5">com.jostens.qa.testcases.FPaymentPageTest#paymentPageTest</h3><table class="result"><tr><th>Exception</th></tr><tr><td><div class="stacktrace">org.testng.TestNGException: 
Data Provider public java.lang.String[][] com.jostens.qa.util.ExcelUtil.getDataTable() returned a null value
	at java.base/java.util.ArrayList.forEach(ArrayList.java:1541)
... Removed 24 stack frames</div></td></tr></table><p class="totop"><a href="#summary">back to summary</a></p>
<h3 id="m6">com.jostens.qa.testcases.ALoginPageTest#afterMethod</h3><table class="result"><tr><th class="invisible"/></tr></table><p class="totop"><a href="#summary">back to summary</a></p>
<h3 id="m7">com.jostens.qa.testcases.ALoginPageTest#afterSuite</h3><table class="result"><tr><th class="invisible"/></tr></table><p class="totop"><a href="#summary">back to summary</a></p>
<h3 id="m8">com.jostens.qa.testcases.ALoginPageTest#beforeClass</h3><table class="result"><tr><th class="invisible"/></tr></table><p class="totop"><a href="#summary">back to summary</a></p>
<h3 id="m9">com.jostens.qa.testcases.BSearchSchoolPageTest#beforeClass</h3><table class="result"><tr><th class="invisible"/></tr></table><p class="totop"><a href="#summary">back to summary</a></p>
<h3 id="m10">com.jostens.qa.testcases.CProductDetailPageTest#beforeClass</h3><table class="result"><tr><th class="invisible"/></tr></table><p class="totop"><a href="#summary">back to summary</a></p>
<h3 id="m11">com.jostens.qa.testcases.DShoppingCartPageTest#beforeClass</h3><table class="result"><tr><th class="invisible"/></tr></table><p class="totop"><a href="#summary">back to summary</a></p>
<h3 id="m12">com.jostens.qa.testcases.ECheckoutPageTest#beforeClass</h3><table class="result"><tr><th class="invisible"/></tr></table><p class="totop"><a href="#summary">back to summary</a></p>
<h3 id="m13">com.jostens.qa.testcases.FPaymentPageTest#beforeClass</h3><table class="result"><tr><th class="invisible"/></tr></table><p class="totop"><a href="#summary">back to summary</a></p>
<h3 id="m14">com.jostens.qa.testcases.ALoginPageTest#loginTest</h3><table class="result"><tr><th>Exception</th></tr><tr><td><div class="stacktrace">org.openqa.selenium.WebDriverException: Automate testing time expired. (WARNING: The server did not provide any stacktrace information)
Command duration or timeout: 908 milliseconds
Build info: version: &apos;3.141.59&apos;, revision: &apos;e82be7d358&apos;, time: &apos;2018-11-14T08:17:03&apos;
System info: host: &apos;DESKTOP-LTKBB09&apos;, ip: &apos;192.168.1.6&apos;, os.name: &apos;Windows 10&apos;, os.arch: &apos;amd64&apos;, os.version: &apos;10.0&apos;, java.version: &apos;11.0.9&apos;
Driver info: driver.version: RemoteWebDriver
	at org.openqa.selenium.remote.ErrorHandler.createThrowable(ErrorHandler.java:214)
	at org.openqa.selenium.remote.ErrorHandler.throwIfResponseFailed(ErrorHandler.java:166)
	at org.openqa.selenium.remote.JsonWireProtocolResponse.lambda$errorHandler$0(JsonWireProtocolResponse.java:54)
	at org.openqa.selenium.remote.HandshakeResponse.lambda$getResponseFunction$0(HandshakeResponse.java:30)
	at org.openqa.selenium.remote.ProtocolHandshake.lambda$createSession$0(ProtocolHandshake.java:126)
	at java.base/java.util.stream.ReferencePipeline$3$1.accept(ReferencePipeline.java:195)
	at java.base/java.util.Spliterators$ArraySpliterator.tryAdvance(Spliterators.java:958)
	at java.base/java.util.stream.ReferencePipeline.forEachWithCancel(ReferencePipeline.java:127)
	at java.base/java.util.stream.AbstractPipeline.copyIntoWithCancel(AbstractPipeline.java:502)
	at java.base/java.util.stream.AbstractPipeline.copyInto(AbstractPipeline.java:488)
	at java.base/java.util.stream.AbstractPipeline.wrapAndCopyInto(AbstractPipeline.java:474)
	at java.base/java.util.stream.FindOps$FindOp.evaluateSequential(FindOps.java:150)
	at java.base/java.util.stream.AbstractPipeline.evaluate(AbstractPipeline.java:234)
	at java.base/java.util.stream.ReferencePipeline.findFirst(ReferencePipeline.java:543)
	at org.openqa.selenium.remote.ProtocolHandshake.createSession(ProtocolHandshake.java:128)
	at org.openqa.selenium.remote.ProtocolHandshake.createSession(ProtocolHandshake.java:74)
	at org.openqa.selenium.remote.HttpCommandExecutor.execute(HttpCommandExecutor.java:136)
	at org.openqa.selenium.remote.RemoteWebDriver.execute(RemoteWebDriver.java:552)
	at org.openqa.selenium.remote.RemoteWebDriver.startSession(RemoteWebDriver.java:213)
	at org.openqa.selenium.remote.RemoteWebDriver.&lt;init&gt;(RemoteWebDriver.java:131)
	at org.openqa.selenium.remote.RemoteWebDriver.&lt;init&gt;(RemoteWebDriver.java:144)
	at com.jostens.qa.base.TestBase.initializeDriver(TestBase.java:146)
	at com.jostens.qa.base.TestBase.beforeSuite(TestBase.java:181)
... Removed 28 stack frames</div></td></tr></table><p class="totop"><a href="#summary">back to summary</a></p>
</body>
</html>
