<?xml version="1.0" encoding="UTF-8"?>
<!-- Generated by org.testng.reporters.JUnitReportReporter -->
<testsuite hostname="DESKTOP-LTKBB09" failures="0" tests="2" name="com.jostens.qa.testcases.LoginPageTest" time="606.445" errors="2" timestamp="2020-12-20T10:42:53 CST" skipped="0">
  <testcase classname="com.jostens.qa.testcases.LoginPageTest" name="loginTest" time="0.000">
    <error message="
Data Provider public java.lang.String[][] com.jostens.qa.util.ExcelMethods.getDataTable() returned a null value" type="org.testng.TestNGException">
      <![CDATA[org.testng.TestNGException: 
Data Provider public java.lang.String[][] com.jostens.qa.util.ExcelMethods.getDataTable() returned a null value
at org.testng.internal.MethodInvocationHelper.invokeDataProvider(MethodInvocationHelper.java:149)
at org.testng.internal.Parameters.handleParameters(Parameters.java:801)
at org.testng.internal.Parameters.handleParameters(Parameters.java:744)
at org.testng.internal.ParameterHandler.handleParameters(ParameterHandler.java:59)
at org.testng.internal.ParameterHandler.createParameters(ParameterHandler.java:38)
at org.testng.internal.TestInvoker$MethodInvocationAgent.invoke(TestInvoker.java:783)
at org.testng.internal.TestInvoker.invokeTestMethods(TestInvoker.java:146)
at org.testng.internal.TestMethodWorker.invokeTestMethods(TestMethodWorker.java:146)
at org.testng.internal.TestMethodWorker.run(TestMethodWorker.java:128)
at java.base/java.util.ArrayList.forEach(ArrayList.java:1541)
at org.testng.TestRunner.privateRun(TestRunner.java:766)
at org.testng.TestRunner.run(TestRunner.java:587)
at org.testng.SuiteRunner.runTest(SuiteRunner.java:384)
at org.testng.SuiteRunner.runSequentially(SuiteRunner.java:378)
at org.testng.SuiteRunner.privateRun(SuiteRunner.java:337)
at org.testng.SuiteRunner.run(SuiteRunner.java:286)
at org.testng.SuiteRunnerWorker.runSuite(SuiteRunnerWorker.java:53)
at org.testng.SuiteRunnerWorker.run(SuiteRunnerWorker.java:96)
at org.testng.TestNG.runSuitesSequentially(TestNG.java:1187)
at org.testng.TestNG.runSuitesLocally(TestNG.java:1109)
at org.testng.TestNG.runSuites(TestNG.java:1039)
at org.testng.TestNG.run(TestNG.java:1007)
at org.apache.maven.surefire.testng.TestNGExecutor.run(TestNGExecutor.java:295)
at org.apache.maven.surefire.testng.TestNGXmlTestSuite.execute(TestNGXmlTestSuite.java:84)
at org.apache.maven.surefire.testng.TestNGProvider.invoke(TestNGProvider.java:90)
at org.apache.maven.surefire.booter.ForkedBooter.invokeProviderInSameClassLoader(ForkedBooter.java:203)
at org.apache.maven.surefire.booter.ForkedBooter.runSuitesInProcess(ForkedBooter.java:155)
at org.apache.maven.surefire.booter.ForkedBooter.main(ForkedBooter.java:103)
]]>
    </error>
  </testcase> <!-- loginTest -->
  <system-out/>
  <testcase classname="com.jostens.qa.testcases.LoginPageTest" name="beforeSuite" time="606.445">
    <error message="session not created
from timeout: Timed out receiving message from renderer: 600.000
  (Session info: chrome=87.0.4280.88)
Build info: version: &#039;3.141.59&#039;, revision: &#039;e82be7d358&#039;, time: &#039;2018-11-14T08:17:03&#039;
System info: host: &#039;DESKTOP-LTKBB09&#039;, ip: &#039;192.168.0.31&#039;, os.name: &#039;Windows 10&#039;, os.arch: &#039;amd64&#039;, os.version: &#039;10.0&#039;, java.version: &#039;11.0.9&#039;
Driver info: driver.version: ChromeDriver
remote stacktrace: Backtrace:
	Ordinal0 [0x0126C0C3+3326147]
	Ordinal0 [0x01150851+2164817]
	Ordinal0 [0x00FD7298+619160]
	Ordinal0 [0x00FCB17F+569727]
	Ordinal0 [0x00FCA421+566305]
	Ordinal0 [0x00FCA815+567317]
	Ordinal0 [0x00FCA135+565557]
	Ordinal0 [0x00FD38B1+604337]
	Ordinal0 [0x00FCA0F1+565489]
	Ordinal0 [0x00FCAEA2+568994]
	Ordinal0 [0x00FCA421+566305]
	Ordinal0 [0x00FCA815+567317]
	Ordinal0 [0x00FCA135+565557]
	Ordinal0 [0x00FD1D2C+597292]
	Ordinal0 [0x00FCA0F1+565489]
	Ordinal0 [0x00FCAEA2+568994]
	Ordinal0 [0x00FCA421+566305]
	Ordinal0 [0x00FCA815+567317]
	Ordinal0 [0x00FCA135+565557]
	Ordinal0 [0x00FCFE62+589410]
	Ordinal0 [0x00FCA0F1+565489]
	Ordinal0 [0x00FCAEA2+568994]
	Ordinal0 [0x00FCA421+566305]
	Ordinal0 [0x00FCA815+567317]
	Ordinal0 [0x00FCA135+565557]
	Ordinal0 [0x00FCF075+585845]
	Ordinal0 [0x00FCA0F1+565489]
	Ordinal0 [0x00FCAEA2+568994]
	Ordinal0 [0x00FCA421+566305]
	Ordinal0 [0x00FCA815+567317]
	Ordinal0 [0x00FCA135+565557]
	Ordinal0 [0x00FC6776+550774]
	Ordinal0 [0x00FCA0F1+565489]
	Ordinal0 [0x00FC9F13+565011]
	Ordinal0 [0x00FC9D07+564487]
	Ordinal0 [0x00FD82C0+623296]
	Ordinal0 [0x00F76BDD+224221]
	Ordinal0 [0x00F75CAC+220332]
	Ordinal0 [0x00F7189B+202907]
	Ordinal0 [0x00F53DF4+81396]
	Ordinal0 [0x00F54DEE+85486]
	Ordinal0 [0x00F54D79+85369]
	Ordinal0 [0x011685DC+2262492]
	GetHandleVerifier [0x013F2874+1487204]
	GetHandleVerifier [0x013F23CD+1486013]
	GetHandleVerifier [0x013FA368+1518680]
	GetHandleVerifier [0x013F2F4E+1488958]
	Ordinal0 [0x0115ED0D+2223373]
	Ordinal0 [0x0116A12B+2269483]
	Ordinal0 [0x0116A26F+2269807]
	Ordinal0 [0x0117ECB8+2354360]
	BaseThreadInitThunk [0x77D0FA29+25]
	RtlGetAppContainerNamedObjectPath [0x77E575F4+228]
	RtlGetAppContainerNamedObjectPath [0x77E575C4+180]
" type="org.openqa.selenium.SessionNotCreatedException">
      <![CDATA[org.openqa.selenium.SessionNotCreatedException: session not created
from timeout: Timed out receiving message from renderer: 600.000
  (Session info: chrome=87.0.4280.88)
Build info: version: '3.141.59', revision: 'e82be7d358', time: '2018-11-14T08:17:03'
System info: host: 'DESKTOP-LTKBB09', ip: '192.168.0.31', os.name: 'Windows 10', os.arch: 'amd64', os.version: '10.0', java.version: '11.0.9'
Driver info: driver.version: ChromeDriver
remote stacktrace: Backtrace:
Ordinal0 [0x0126C0C3+3326147]
Ordinal0 [0x01150851+2164817]
Ordinal0 [0x00FD7298+619160]
Ordinal0 [0x00FCB17F+569727]
Ordinal0 [0x00FCA421+566305]
Ordinal0 [0x00FCA815+567317]
Ordinal0 [0x00FCA135+565557]
Ordinal0 [0x00FD38B1+604337]
Ordinal0 [0x00FCA0F1+565489]
Ordinal0 [0x00FCAEA2+568994]
Ordinal0 [0x00FCA421+566305]
Ordinal0 [0x00FCA815+567317]
Ordinal0 [0x00FCA135+565557]
Ordinal0 [0x00FD1D2C+597292]
Ordinal0 [0x00FCA0F1+565489]
Ordinal0 [0x00FCAEA2+568994]
Ordinal0 [0x00FCA421+566305]
Ordinal0 [0x00FCA815+567317]
Ordinal0 [0x00FCA135+565557]
Ordinal0 [0x00FCFE62+589410]
Ordinal0 [0x00FCA0F1+565489]
Ordinal0 [0x00FCAEA2+568994]
Ordinal0 [0x00FCA421+566305]
Ordinal0 [0x00FCA815+567317]
Ordinal0 [0x00FCA135+565557]
Ordinal0 [0x00FCF075+585845]
Ordinal0 [0x00FCA0F1+565489]
Ordinal0 [0x00FCAEA2+568994]
Ordinal0 [0x00FCA421+566305]
Ordinal0 [0x00FCA815+567317]
Ordinal0 [0x00FCA135+565557]
Ordinal0 [0x00FC6776+550774]
Ordinal0 [0x00FCA0F1+565489]
Ordinal0 [0x00FC9F13+565011]
Ordinal0 [0x00FC9D07+564487]
Ordinal0 [0x00FD82C0+623296]
Ordinal0 [0x00F76BDD+224221]
Ordinal0 [0x00F75CAC+220332]
Ordinal0 [0x00F7189B+202907]
Ordinal0 [0x00F53DF4+81396]
Ordinal0 [0x00F54DEE+85486]
Ordinal0 [0x00F54D79+85369]
Ordinal0 [0x011685DC+2262492]
GetHandleVerifier [0x013F2874+1487204]
GetHandleVerifier [0x013F23CD+1486013]
GetHandleVerifier [0x013FA368+1518680]
GetHandleVerifier [0x013F2F4E+1488958]
Ordinal0 [0x0115ED0D+2223373]
Ordinal0 [0x0116A12B+2269483]
Ordinal0 [0x0116A26F+2269807]
Ordinal0 [0x0117ECB8+2354360]
BaseThreadInitThunk [0x77D0FA29+25]
RtlGetAppContainerNamedObjectPath [0x77E575F4+228]
RtlGetAppContainerNamedObjectPath [0x77E575C4+180]

at java.base/jdk.internal.reflect.NativeConstructorAccessorImpl.newInstance0(Native Method)
at java.base/jdk.internal.reflect.NativeConstructorAccessorImpl.newInstance(NativeConstructorAccessorImpl.java:62)
at java.base/jdk.internal.reflect.DelegatingConstructorAccessorImpl.newInstance(DelegatingConstructorAccessorImpl.java:45)
at java.base/java.lang.reflect.Constructor.newInstance(Constructor.java:490)
at org.openqa.selenium.remote.W3CHandshakeResponse.lambda$errorHandler$0(W3CHandshakeResponse.java:62)
at org.openqa.selenium.remote.HandshakeResponse.lambda$getResponseFunction$0(HandshakeResponse.java:30)
at org.openqa.selenium.remote.ProtocolHandshake.lambda$createSession$0(ProtocolHandshake.java:126)
at java.base/java.util.stream.ReferencePipeline$3$1.accept(ReferencePipeline.java:195)
at java.base/java.util.Spliterators$ArraySpliterator.tryAdvance(Spliterators.java:958)
at java.base/java.util.stream.ReferencePipeline.forEachWithCancel(ReferencePipeline.java:127)
at java.base/java.util.stream.AbstractPipeline.copyIntoWithCancel(AbstractPipeline.java:502)
at java.base/java.util.stream.AbstractPipeline.copyInto(AbstractPipeline.java:488)
at java.base/java.util.stream.AbstractPipeline.wrapAndCopyInto(AbstractPipeline.java:474)
at java.base/java.util.stream.FindOps$FindOp.evaluateSequential(FindOps.java:150)
at java.base/java.util.stream.AbstractPipeline.evaluate(AbstractPipeline.java:234)
at java.base/java.util.stream.ReferencePipeline.findFirst(ReferencePipeline.java:543)
at org.openqa.selenium.remote.ProtocolHandshake.createSession(ProtocolHandshake.java:128)
at org.openqa.selenium.remote.ProtocolHandshake.createSession(ProtocolHandshake.java:74)
at org.openqa.selenium.remote.HttpCommandExecutor.execute(HttpCommandExecutor.java:136)
at org.openqa.selenium.remote.service.DriverCommandExecutor.execute(DriverCommandExecutor.java:83)
at org.openqa.selenium.remote.RemoteWebDriver.execute(RemoteWebDriver.java:552)
at org.openqa.selenium.remote.RemoteWebDriver.startSession(RemoteWebDriver.java:213)
at org.openqa.selenium.remote.RemoteWebDriver.<init>(RemoteWebDriver.java:131)
at org.openqa.selenium.chrome.ChromeDriver.<init>(ChromeDriver.java:181)
at org.openqa.selenium.chrome.ChromeDriver.<init>(ChromeDriver.java:168)
at org.openqa.selenium.chrome.ChromeDriver.<init>(ChromeDriver.java:123)
at com.jostens.qa.base.TestBase.initializeDriver(TestBase.java:112)
at com.jostens.qa.base.TestBase.beforeSuite(TestBase.java:135)
at java.base/jdk.internal.reflect.NativeMethodAccessorImpl.invoke0(Native Method)
at java.base/jdk.internal.reflect.NativeMethodAccessorImpl.invoke(NativeMethodAccessorImpl.java:62)
at java.base/jdk.internal.reflect.DelegatingMethodAccessorImpl.invoke(DelegatingMethodAccessorImpl.java:43)
at java.base/java.lang.reflect.Method.invoke(Method.java:566)
at org.testng.internal.MethodInvocationHelper.invokeMethod(MethodInvocationHelper.java:134)
at org.testng.internal.MethodInvocationHelper.invokeMethodConsideringTimeout(MethodInvocationHelper.java:63)
at org.testng.internal.ConfigInvoker.invokeConfigurationMethod(ConfigInvoker.java:348)
at org.testng.internal.ConfigInvoker.invokeConfigurations(ConfigInvoker.java:302)
at org.testng.SuiteRunner.privateRun(SuiteRunner.java:327)
at org.testng.SuiteRunner.run(SuiteRunner.java:286)
at org.testng.SuiteRunnerWorker.runSuite(SuiteRunnerWorker.java:53)
at org.testng.SuiteRunnerWorker.run(SuiteRunnerWorker.java:96)
at org.testng.TestNG.runSuitesSequentially(TestNG.java:1187)
at org.testng.TestNG.runSuitesLocally(TestNG.java:1109)
at org.testng.TestNG.runSuites(TestNG.java:1039)
at org.testng.TestNG.run(TestNG.java:1007)
at org.apache.maven.surefire.testng.TestNGExecutor.run(TestNGExecutor.java:295)
at org.apache.maven.surefire.testng.TestNGXmlTestSuite.execute(TestNGXmlTestSuite.java:84)
at org.apache.maven.surefire.testng.TestNGProvider.invoke(TestNGProvider.java:90)
at org.apache.maven.surefire.booter.ForkedBooter.invokeProviderInSameClassLoader(ForkedBooter.java:203)
at org.apache.maven.surefire.booter.ForkedBooter.runSuitesInProcess(ForkedBooter.java:155)
at org.apache.maven.surefire.booter.ForkedBooter.main(ForkedBooter.java:103)
]]>
    </error>
  </testcase> <!-- beforeSuite -->
  <system-out/>
</testsuite> <!-- com.jostens.qa.testcases.LoginPageTest -->
