<html>
<head>
<title>TestNG:  Regression Chrome</title>
<link href="../testng.css" rel="stylesheet" type="text/css" />
<link href="../my-testng.css" rel="stylesheet" type="text/css" />

<style type="text/css">
.log { display: none;} 
.stack-trace { display: none;} 
</style>
<script type="text/javascript">
<!--
function flip(e) {
  current = e.style.display;
  if (current == 'block') {
    e.style.display = 'none';
    return 0;
  }
  else {
    e.style.display = 'block';
    return 1;
  }
}

function toggleBox(szDivId, elem, msg1, msg2)
{
  var res = -1;  if (document.getElementById) {
    res = flip(document.getElementById(szDivId));
  }
  else if (document.all) {
    // this is the way old msie versions work
    res = flip(document.all[szDivId]);
  }
  if(elem) {
    if(res == 0) elem.innerHTML = msg1; else elem.innerHTML = msg2;
  }

}

function toggleAllBoxes() {
  if (document.getElementsByTagName) {
    d = document.getElementsByTagName('div');
    for (i = 0; i < d.length; i++) {
      if (d[i].className == 'log') {
        flip(d[i]);
      }
    }
  }
}

// -->
</script>

</head>
<body>
<h2 align='center'>Regression Chrome</h2><table border='1' align="center">
<tr>
<td>Tests passed/Failed/Skipped:</td><td>13/2/1</td>
</tr><tr>
<td>Started on:</td><td>Sun Feb 07 14:11:55 CST 2021</td>
</tr>
<tr><td>Total time:</td><td>134 seconds (134221 ms)</td>
</tr><tr>
<td>Included groups:</td><td></td>
</tr><tr>
<td>Excluded groups:</td><td></td>
</tr>
</table><p/>
<small><i>(Hover the method name to see the test class name)</i></small><p/>
<table width='100%' border='1' class='invocation-failed'>
<tr><td colspan='4' align='center'><b>FAILED TESTS</b></td></tr>
<tr><td><b>Test method</b></td>
<td width="30%"><b>Exception</b></td>
<td width="10%"><b>Time (seconds)</b></td>
<td><b>Instance</b></td>
</tr>
<tr>
<td title='com.jostens.qa.testcases.LoginPageTest.loginTest()'><b>loginTest</b><br>Test class: com.jostens.qa.testcases.LoginPageTest</td>
<td><div><pre>java.lang.AssertionError: The following asserts failed:
	expected [Steven VerMulm] but found []
	at com.jostens.qa.testcases.LoginPageTest.loginTest(LoginPageTest.java:68)
	at java.base/java.util.ArrayList.forEach(ArrayList.java:1541)
... Removed 29 stack frames</pre></div><a href='#' onClick='toggleBox("stack-trace881662115", this, "Click to show all stack frames", "Click to hide stack frames")'>Click to show all stack frames</a>
<div class='stack-trace' id='stack-trace881662115'><pre>java.lang.AssertionError: The following asserts failed:
	expected [Steven VerMulm] but found []
	at org.testng.asserts.SoftAssert.assertAll(SoftAssert.java:47)
	at org.testng.asserts.SoftAssert.assertAll(SoftAssert.java:31)
	at com.jostens.qa.testcases.LoginPageTest.loginTest(LoginPageTest.java:68)
	at java.base/jdk.internal.reflect.NativeMethodAccessorImpl.invoke0(Native Method)
	at java.base/jdk.internal.reflect.NativeMethodAccessorImpl.invoke(NativeMethodAccessorImpl.java:62)
	at java.base/jdk.internal.reflect.DelegatingMethodAccessorImpl.invoke(DelegatingMethodAccessorImpl.java:43)
	at java.base/java.lang.reflect.Method.invoke(Method.java:566)
	at org.testng.internal.MethodInvocationHelper.invokeMethod(MethodInvocationHelper.java:132)
	at org.testng.internal.TestInvoker.invokeMethod(TestInvoker.java:599)
	at org.testng.internal.TestInvoker.invokeTestMethod(TestInvoker.java:174)
	at org.testng.internal.MethodRunner.runInSequence(MethodRunner.java:46)
	at org.testng.internal.TestInvoker$MethodInvocationAgent.invoke(TestInvoker.java:822)
	at org.testng.internal.TestInvoker.invokeTestMethods(TestInvoker.java:147)
	at org.testng.internal.TestMethodWorker.invokeTestMethods(TestMethodWorker.java:146)
	at org.testng.internal.TestMethodWorker.run(TestMethodWorker.java:128)
	at java.base/java.util.ArrayList.forEach(ArrayList.java:1541)
	at org.testng.TestRunner.privateRun(TestRunner.java:764)
	at org.testng.TestRunner.run(TestRunner.java:585)
	at org.testng.SuiteRunner.runTest(SuiteRunner.java:384)
	at org.testng.SuiteRunner.runSequentially(SuiteRunner.java:378)
	at org.testng.SuiteRunner.privateRun(SuiteRunner.java:337)
	at org.testng.SuiteRunner.run(SuiteRunner.java:286)
	at org.testng.SuiteRunnerWorker.runSuite(SuiteRunnerWorker.java:53)
	at org.testng.SuiteRunnerWorker.run(SuiteRunnerWorker.java:96)
	at org.testng.TestNG.runSuitesSequentially(TestNG.java:1218)
	at org.testng.TestNG.runSuitesLocally(TestNG.java:1140)
	at org.testng.TestNG.runSuites(TestNG.java:1069)
	at org.testng.TestNG.run(TestNG.java:1037)
	at org.testng.remote.AbstractRemoteTestNG.run(AbstractRemoteTestNG.java:115)
	at org.testng.remote.RemoteTestNG.initAndRun(RemoteTestNG.java:251)
	at org.testng.remote.RemoteTestNG.main(RemoteTestNG.java:77)
</pre></div></td>
<td>6</td>
<td>com.jostens.qa.testcases.LoginPageTest@3bf9ce3e</td></tr>
<tr>
<td title='com.jostens.qa.testcases.CheckoutPageTest.proceedWithCheckoutTest()'><b>proceedWithCheckoutTest</b><br>Test class: com.jostens.qa.testcases.CheckoutPageTest<br>Parameters: New Era Men's Heritage Blend 3/4-Sleeve Baseball Raglan Tee, 1, $24.95, Information - Jostens School Store, Steve.VerMulm@gmail.com, No, Steven, VerMulm, 409 5th Ave. South, Hopkins, United States, Minnesota, 55343, 7123635520, No, Failure - 2021/02/06 21:46:05, This row will fail due to 'Checkout Page Title', 1</td>
<td><div><pre>java.lang.AssertionError: The following asserts failed:
	expected [Information - Jostens School Store] but found [Information - Jostens School Store - Checkout]
	at com.jostens.qa.testcases.CheckoutPageTest.proceedWithCheckoutTest(CheckoutPageTest.java:77)
	at java.base/java.util.ArrayList.forEach(ArrayList.java:1541)
... Removed 29 stack frames</pre></div><a href='#' onClick='toggleBox("stack-trace1459462244", this, "Click to show all stack frames", "Click to hide stack frames")'>Click to show all stack frames</a>
<div class='stack-trace' id='stack-trace1459462244'><pre>java.lang.AssertionError: The following asserts failed:
	expected [Information - Jostens School Store] but found [Information - Jostens School Store - Checkout]
	at org.testng.asserts.SoftAssert.assertAll(SoftAssert.java:47)
	at org.testng.asserts.SoftAssert.assertAll(SoftAssert.java:31)
	at com.jostens.qa.testcases.CheckoutPageTest.proceedWithCheckoutTest(CheckoutPageTest.java:77)
	at java.base/jdk.internal.reflect.NativeMethodAccessorImpl.invoke0(Native Method)
	at java.base/jdk.internal.reflect.NativeMethodAccessorImpl.invoke(NativeMethodAccessorImpl.java:62)
	at java.base/jdk.internal.reflect.DelegatingMethodAccessorImpl.invoke(DelegatingMethodAccessorImpl.java:43)
	at java.base/java.lang.reflect.Method.invoke(Method.java:566)
	at org.testng.internal.MethodInvocationHelper.invokeMethod(MethodInvocationHelper.java:132)
	at org.testng.internal.TestInvoker.invokeMethod(TestInvoker.java:599)
	at org.testng.internal.TestInvoker.invokeTestMethod(TestInvoker.java:174)
	at org.testng.internal.MethodRunner.runInSequence(MethodRunner.java:46)
	at org.testng.internal.TestInvoker$MethodInvocationAgent.invoke(TestInvoker.java:822)
	at org.testng.internal.TestInvoker.invokeTestMethods(TestInvoker.java:147)
	at org.testng.internal.TestMethodWorker.invokeTestMethods(TestMethodWorker.java:146)
	at org.testng.internal.TestMethodWorker.run(TestMethodWorker.java:128)
	at java.base/java.util.ArrayList.forEach(ArrayList.java:1541)
	at org.testng.TestRunner.privateRun(TestRunner.java:764)
	at org.testng.TestRunner.run(TestRunner.java:585)
	at org.testng.SuiteRunner.runTest(SuiteRunner.java:384)
	at org.testng.SuiteRunner.runSequentially(SuiteRunner.java:378)
	at org.testng.SuiteRunner.privateRun(SuiteRunner.java:337)
	at org.testng.SuiteRunner.run(SuiteRunner.java:286)
	at org.testng.SuiteRunnerWorker.runSuite(SuiteRunnerWorker.java:53)
	at org.testng.SuiteRunnerWorker.run(SuiteRunnerWorker.java:96)
	at org.testng.TestNG.runSuitesSequentially(TestNG.java:1218)
	at org.testng.TestNG.runSuitesLocally(TestNG.java:1140)
	at org.testng.TestNG.runSuites(TestNG.java:1069)
	at org.testng.TestNG.run(TestNG.java:1037)
	at org.testng.remote.AbstractRemoteTestNG.run(AbstractRemoteTestNG.java:115)
	at org.testng.remote.RemoteTestNG.initAndRun(RemoteTestNG.java:251)
	at org.testng.remote.RemoteTestNG.main(RemoteTestNG.java:77)
</pre></div></td>
<td>9</td>
<td>com.jostens.qa.testcases.CheckoutPageTest@4d465b11</td></tr>
</table><p>
<table width='100%' border='1' class='invocation-passed'>
<tr><td colspan='4' align='center'><b>PASSED TESTS</b></td></tr>
<tr><td><b>Test method</b></td>
<td width="30%"><b>Exception</b></td>
<td width="10%"><b>Time (seconds)</b></td>
<td><b>Instance</b></td>
</tr>
<tr>
<td title='com.jostens.qa.testcases.ShoppingCartPageTest.addProductToCartTest()'><b>addProductToCartTest</b><br>Test class: com.jostens.qa.testcases.ShoppingCartPageTest<br>Parameters: New Era Men's Heritage Blend 3/4-Sleeve Baseball Raglan Tee, Your Shopping Cart - Jostens School Store, $24.95, 1, $24.95, $77.85, Success - 2021/02/06 21:45:55, 1</td>
<td></td>
<td>1</td>
<td>com.jostens.qa.testcases.ShoppingCartPageTest@383bfa16</td></tr>
<tr>
<td title='com.jostens.qa.testcases.ShoppingCartPageTest.addProductToCartTest()'><b>addProductToCartTest</b><br>Test class: com.jostens.qa.testcases.ShoppingCartPageTest<br>Parameters: Next Level Unisex Triblend Long Sleeve Pullover Hoodie, Your Shopping Cart - Jostens School Store, $33.95, 1, $33.95, $77.85, Success - 2021/02/06 21:45:55, 2</td>
<td></td>
<td>0</td>
<td>com.jostens.qa.testcases.ShoppingCartPageTest@383bfa16</td></tr>
<tr>
<td title='com.jostens.qa.testcases.ShoppingCartPageTest.addProductToCartTest()'><b>addProductToCartTest</b><br>Test class: com.jostens.qa.testcases.ShoppingCartPageTest<br>Parameters: 3 Ply Sublimated Mask, Your Shopping Cart - Jostens School Store, $18.95, 1, $18.95, $77.85, Success - 2021/02/06 21:45:56, 3</td>
<td></td>
<td>0</td>
<td>com.jostens.qa.testcases.ShoppingCartPageTest@383bfa16</td></tr>
<tr>
<td title='com.jostens.qa.testcases.CheckoutPageTest.checkoutListVerification()'><b>checkoutListVerification</b><br>Test class: com.jostens.qa.testcases.CheckoutPageTest<br>Parameters: New Era Men's Heritage Blend 3/4-Sleeve Baseball Raglan Tee, 1, $24.95, Information - Jostens School Store, Steve.VerMulm@gmail.com, No, Steven, VerMulm, 409 5th Ave. South, Hopkins, United States, Minnesota, 55343, 7123635520, No, Failure - 2021/02/07 14:13:53, This row will fail due to 'Checkout Page Title', 1</td>
<td></td>
<td>0</td>
<td>com.jostens.qa.testcases.CheckoutPageTest@4d465b11</td></tr>
<tr>
<td title='com.jostens.qa.testcases.CheckoutPageTest.checkoutListVerification()'><b>checkoutListVerification</b><br>Test class: com.jostens.qa.testcases.CheckoutPageTest<br>Parameters: Next Level Unisex Triblend Long Sleeve Pullover Hoodie, 1, $33.95, Information - Jostens School Store - Checkout, Steve.VerMulm@gmail.com, No, Ashlyn, Ambrose, 409 Beachcomber Drive, Lake Park, United States, Iowa, 51347, 7123632575, No, Success - 2021/02/07 14:14:01, null, 2</td>
<td></td>
<td>0</td>
<td>com.jostens.qa.testcases.CheckoutPageTest@4d465b11</td></tr>
<tr>
<td title='com.jostens.qa.testcases.CheckoutPageTest.checkoutListVerification()'><b>checkoutListVerification</b><br>Test class: com.jostens.qa.testcases.CheckoutPageTest<br>Parameters: 3 Ply Sublimated Mask, 1, $18.95, Information - Jostens School Store - Checkout, Steve.VerMulm@gmail.com, No, Cynthia, Ambrosia, 62310 Lake View Road, Madison Lake, United States, Minnesota, 56063, 7123635519, No, Success - 2021/02/07 14:14:09, null, 3</td>
<td></td>
<td>0</td>
<td>com.jostens.qa.testcases.CheckoutPageTest@4d465b11</td></tr>
<tr>
<td title='com.jostens.qa.testcases.CheckoutPageTest.proceedWithCheckoutTest()'><b>proceedWithCheckoutTest</b><br>Test class: com.jostens.qa.testcases.CheckoutPageTest<br>Parameters: Next Level Unisex Triblend Long Sleeve Pullover Hoodie, 1, $33.95, Information - Jostens School Store - Checkout, Steve.VerMulm@gmail.com, No, Ashlyn, Ambrose, 409 Beachcomber Drive, Lake Park, United States, Iowa, 51347, 7123632575, No, Success - 2021/02/06 21:46:14, null, 2</td>
<td></td>
<td>7</td>
<td>com.jostens.qa.testcases.CheckoutPageTest@4d465b11</td></tr>
<tr>
<td title='com.jostens.qa.testcases.CheckoutPageTest.proceedWithCheckoutTest()'><b>proceedWithCheckoutTest</b><br>Test class: com.jostens.qa.testcases.CheckoutPageTest<br>Parameters: 3 Ply Sublimated Mask, 1, $18.95, Information - Jostens School Store - Checkout, Steve.VerMulm@gmail.com, No, Cynthia, Ambrosia, 62310 Lake View Road, Madison Lake, United States, Minnesota, 56063, 7123635519, No, Success - 2021/02/06 21:46:22, null, 3</td>
<td></td>
<td>7</td>
<td>com.jostens.qa.testcases.CheckoutPageTest@4d465b11</td></tr>
<tr>
<td title='com.jostens.qa.testcases.ProductDetailPageTest.productSearchTest()'><b>productSearchTest</b><br>Test class: com.jostens.qa.testcases.ProductDetailPageTest<br>Parameters: New Era Men's Heritage Blend 3/4-Sleeve Baseball Raglan Tee, New Era Men's Heritage Blend 3/4-Sleeve Baseball Raglan Tee - Jostens School Store, Black/White, XL, 1, Right Chest, 31, 35, 11, 7.7, Success - 2020/12/23 13:32:56, 1</td>
<td></td>
<td>32</td>
<td>com.jostens.qa.testcases.ProductDetailPageTest@71def8f8</td></tr>
<tr>
<td title='com.jostens.qa.testcases.ProductDetailPageTest.productSearchTest()'><b>productSearchTest</b><br>Test class: com.jostens.qa.testcases.ProductDetailPageTest<br>Parameters: Next Level Unisex Triblend Long Sleeve Pullover Hoodie, Next Level Unisex Triblend Long Sleeve Pullover Hoodie - Jostens School Store, White, M, 2, Center Chest, 35, 20, 30, 21, Success - 2020/12/23 13:33:18, 2</td>
<td></td>
<td>28</td>
<td>com.jostens.qa.testcases.ProductDetailPageTest@71def8f8</td></tr>
<tr>
<td title='com.jostens.qa.testcases.ProductDetailPageTest.productSearchTest()'><b>productSearchTest</b><br>Test class: com.jostens.qa.testcases.ProductDetailPageTest<br>Parameters: 3 Ply Sublimated Mask, 3 Ply Sublimated Mask - Jostens School Store, White, L/XL, 6, Mask Center, 35, 37, 30, 21, Success - 2020/12/23 13:33:43, 3</td>
<td></td>
<td>27</td>
<td>com.jostens.qa.testcases.ProductDetailPageTest@71def8f8</td></tr>
<tr>
<td title='com.jostens.qa.testcases.SearchSchoolPageTest.searchSchoolTest()'><b>searchSchoolTest</b><br>Test class: com.jostens.qa.testcases.SearchSchoolPageTest<br>Parameters: Chaska Middle School East, Chaska Middle School East Chaska, MN Products - Graduation Products from Jostens, Success - 2021/02/06 21:44:14, 1</td>
<td></td>
<td>2</td>
<td>com.jostens.qa.testcases.SearchSchoolPageTest@16610890</td></tr>
<tr>
<td title='com.jostens.qa.testcases.SearchSchoolPageTest.searchSchoolTest()'><b>searchSchoolTest</b><br>Test class: com.jostens.qa.testcases.SearchSchoolPageTest<br>Parameters: Chaska High School, Chaska High School Chaska, MN Products - Graduation Products from Jostens, Success - 2021/02/06 21:44:17, 2</td>
<td></td>
<td>2</td>
<td>com.jostens.qa.testcases.SearchSchoolPageTest@16610890</td></tr>
</table><p>
<table width='100%' border='1' class='invocation-skipped'>
<tr><td colspan='4' align='center'><b>SKIPPED TESTS</b></td></tr>
<tr><td><b>Test method</b></td>
<td width="30%"><b>Exception</b></td>
<td width="10%"><b>Time (seconds)</b></td>
<td><b>Instance</b></td>
</tr>
<tr>
<td title='com.jostens.qa.testcases.PaymentPageTest.paymentPageTest()'><b>paymentPageTest</b><br>Test class: com.jostens.qa.testcases.PaymentPageTest<br>Parameters: , , , , , , If no data in row, the @Test will be skipped, 1</td>
<td><div><pre>org.testng.SkipException: Skipping &apos;@Test=gtest&apos; due to a lack of data
	at com.jostens.qa.testcases.PaymentPageTest.paymentPageTest(PaymentPageTest.java:50)
	at java.base/java.util.ArrayList.forEach(ArrayList.java:1541)
... Removed 27 stack frames</pre></div><a href='#' onClick='toggleBox("stack-trace1221559316", this, "Click to show all stack frames", "Click to hide stack frames")'>Click to show all stack frames</a>
<div class='stack-trace' id='stack-trace1221559316'><pre>org.testng.SkipException: Skipping &apos;@Test=gtest&apos; due to a lack of data
	at com.jostens.qa.testcases.PaymentPageTest.paymentPageTest(PaymentPageTest.java:50)
	at java.base/jdk.internal.reflect.NativeMethodAccessorImpl.invoke0(Native Method)
	at java.base/jdk.internal.reflect.NativeMethodAccessorImpl.invoke(NativeMethodAccessorImpl.java:62)
	at java.base/jdk.internal.reflect.DelegatingMethodAccessorImpl.invoke(DelegatingMethodAccessorImpl.java:43)
	at java.base/java.lang.reflect.Method.invoke(Method.java:566)
	at org.testng.internal.MethodInvocationHelper.invokeMethod(MethodInvocationHelper.java:132)
	at org.testng.internal.TestInvoker.invokeMethod(TestInvoker.java:599)
	at org.testng.internal.TestInvoker.invokeTestMethod(TestInvoker.java:174)
	at org.testng.internal.MethodRunner.runInSequence(MethodRunner.java:46)
	at org.testng.internal.TestInvoker$MethodInvocationAgent.invoke(TestInvoker.java:822)
	at org.testng.internal.TestInvoker.invokeTestMethods(TestInvoker.java:147)
	at org.testng.internal.TestMethodWorker.invokeTestMethods(TestMethodWorker.java:146)
	at org.testng.internal.TestMethodWorker.run(TestMethodWorker.java:128)
	at java.base/java.util.ArrayList.forEach(ArrayList.java:1541)
	at org.testng.TestRunner.privateRun(TestRunner.java:764)
	at org.testng.TestRunner.run(TestRunner.java:585)
	at org.testng.SuiteRunner.runTest(SuiteRunner.java:384)
	at org.testng.SuiteRunner.runSequentially(SuiteRunner.java:378)
	at org.testng.SuiteRunner.privateRun(SuiteRunner.java:337)
	at org.testng.SuiteRunner.run(SuiteRunner.java:286)
	at org.testng.SuiteRunnerWorker.runSuite(SuiteRunnerWorker.java:53)
	at org.testng.SuiteRunnerWorker.run(SuiteRunnerWorker.java:96)
	at org.testng.TestNG.runSuitesSequentially(TestNG.java:1218)
	at org.testng.TestNG.runSuitesLocally(TestNG.java:1140)
	at org.testng.TestNG.runSuites(TestNG.java:1069)
	at org.testng.TestNG.run(TestNG.java:1037)
	at org.testng.remote.AbstractRemoteTestNG.run(AbstractRemoteTestNG.java:115)
	at org.testng.remote.RemoteTestNG.initAndRun(RemoteTestNG.java:251)
	at org.testng.remote.RemoteTestNG.main(RemoteTestNG.java:77)
</pre></div></td>
<td>0</td>
<td>com.jostens.qa.testcases.PaymentPageTest@53fdffa1</td></tr>
</table><p>
</body>
</html>