<html>
<head>
<title>TestNG:  Regression Chrome</title>
<link href="../testng.css" rel="stylesheet" type="text/css" />
<link href="../my-testng.css" rel="stylesheet" type="text/css" />

<style type="text/css">
.log { display: none;} 
.stack-trace { display: none;} 
</style>
<script type="text/javascript">
<!--
function flip(e) {
  current = e.style.display;
  if (current == 'block') {
    e.style.display = 'none';
    return 0;
  }
  else {
    e.style.display = 'block';
    return 1;
  }
}

function toggleBox(szDivId, elem, msg1, msg2)
{
  var res = -1;  if (document.getElementById) {
    res = flip(document.getElementById(szDivId));
  }
  else if (document.all) {
    // this is the way old msie versions work
    res = flip(document.all[szDivId]);
  }
  if(elem) {
    if(res == 0) elem.innerHTML = msg1; else elem.innerHTML = msg2;
  }

}

function toggleAllBoxes() {
  if (document.getElementsByTagName) {
    d = document.getElementsByTagName('div');
    for (i = 0; i < d.length; i++) {
      if (d[i].className == 'log') {
        flip(d[i]);
      }
    }
  }
}

// -->
</script>

</head>
<body>
<h2 align='center'>Regression Chrome</h2><table border='1' align="center">
<tr>
<td>Tests passed/Failed/Skipped:</td><td>10/1/1</td>
</tr><tr>
<td>Started on:</td><td>Sat Feb 20 20:07:46 CST 2021</td>
</tr>
<tr><td>Total time:</td><td>210 seconds (210873 ms)</td>
</tr><tr>
<td>Included groups:</td><td></td>
</tr><tr>
<td>Excluded groups:</td><td></td>
</tr>
</table><p/>
<small><i>(Hover the method name to see the test class name)</i></small><p/>
<table width='100%' border='1' class='invocation-failed'>
<tr><td colspan='4' align='center'><b>FAILED TESTS</b></td></tr>
<tr><td><b>Test method</b></td>
<td width="30%"><b>Exception</b></td>
<td width="10%"><b>Time (seconds)</b></td>
<td><b>Instance</b></td>
</tr>
<tr>
<td title='com.jostens.qa.testcases.ECheckoutPageTest.proceedWithCheckoutTest()'><b>proceedWithCheckoutTest</b><br>Test class: com.jostens.qa.testcases.ECheckoutPageTest<br>Parameters: New Era Men's Heritage Blend 3/4-Sleeve Baseball Raglan Tee, 1, $24.95, Information - Jostens School Store, Steve.VerMulm@gmail.com, No, Steven, VerMulm, 409 5th Ave. South, Hopkins, United States, Minnesota, 55343, 7123635520, No, Failure - 2021/02/20 20:06:59, null, 1</td>
<td><div><pre>java.lang.AssertionError: The following asserts failed:
	expected [Information - Jostens School Store] but found [Information - Jostens School Store - Checkout]
	at com.jostens.qa.testcases.ECheckoutPageTest.proceedWithCheckoutTest(ECheckoutPageTest.java:86)
	at java.util.ArrayList.forEach(ArrayList.java:1259)
... Removed 32 stack frames</pre></div><a href='#' onClick='toggleBox("stack-trace63015234", this, "Click to show all stack frames", "Click to hide stack frames")'>Click to show all stack frames</a>
<div class='stack-trace' id='stack-trace63015234'><pre>java.lang.AssertionError: The following asserts failed:
	expected [Information - Jostens School Store] but found [Information - Jostens School Store - Checkout]
	at org.testng.asserts.SoftAssert.assertAll(SoftAssert.java:47)
	at org.testng.asserts.SoftAssert.assertAll(SoftAssert.java:31)
	at com.jostens.qa.testcases.ECheckoutPageTest.proceedWithCheckoutTest(ECheckoutPageTest.java:86)
	at sun.reflect.NativeMethodAccessorImpl.invoke0(Native Method)
	at sun.reflect.NativeMethodAccessorImpl.invoke(NativeMethodAccessorImpl.java:62)
	at sun.reflect.DelegatingMethodAccessorImpl.invoke(DelegatingMethodAccessorImpl.java:43)
	at java.lang.reflect.Method.invoke(Method.java:498)
	at org.testng.internal.MethodInvocationHelper.invokeMethod(MethodInvocationHelper.java:134)
	at org.testng.internal.TestInvoker.invokeMethod(TestInvoker.java:597)
	at org.testng.internal.TestInvoker.invokeTestMethod(TestInvoker.java:173)
	at org.testng.internal.MethodRunner.runInSequence(MethodRunner.java:46)
	at org.testng.internal.TestInvoker$MethodInvocationAgent.invoke(TestInvoker.java:816)
	at org.testng.internal.TestInvoker.invokeTestMethods(TestInvoker.java:146)
	at org.testng.internal.TestMethodWorker.invokeTestMethods(TestMethodWorker.java:146)
	at org.testng.internal.TestMethodWorker.run(TestMethodWorker.java:128)
	at java.util.ArrayList.forEach(ArrayList.java:1259)
	at org.testng.TestRunner.privateRun(TestRunner.java:766)
	at org.testng.TestRunner.run(TestRunner.java:587)
	at org.testng.SuiteRunner.runTest(SuiteRunner.java:384)
	at org.testng.SuiteRunner.runSequentially(SuiteRunner.java:378)
	at org.testng.SuiteRunner.privateRun(SuiteRunner.java:337)
	at org.testng.SuiteRunner.run(SuiteRunner.java:286)
	at org.testng.SuiteRunnerWorker.runSuite(SuiteRunnerWorker.java:53)
	at org.testng.SuiteRunnerWorker.run(SuiteRunnerWorker.java:96)
	at org.testng.TestNG.runSuitesSequentially(TestNG.java:1187)
	at org.testng.TestNG.runSuitesLocally(TestNG.java:1109)
	at org.testng.TestNG.runSuites(TestNG.java:1039)
	at org.testng.TestNG.run(TestNG.java:1007)
	at org.apache.maven.surefire.testng.TestNGExecutor.run(TestNGExecutor.java:295)
	at org.apache.maven.surefire.testng.TestNGXmlTestSuite.execute(TestNGXmlTestSuite.java:84)
	at org.apache.maven.surefire.testng.TestNGProvider.invoke(TestNGProvider.java:90)
	at org.apache.maven.surefire.booter.ForkedBooter.invokeProviderInSameClassLoader(ForkedBooter.java:203)
	at org.apache.maven.surefire.booter.ForkedBooter.runSuitesInProcess(ForkedBooter.java:155)
	at org.apache.maven.surefire.booter.ForkedBooter.main(ForkedBooter.java:103)
</pre></div></td>
<td>19</td>
<td>com.jostens.qa.testcases.ECheckoutPageTest@2286778</td></tr>
</table><p>
<table width='100%' border='1' class='invocation-passed'>
<tr><td colspan='4' align='center'><b>PASSED TESTS</b></td></tr>
<tr><td><b>Test method</b></td>
<td width="30%"><b>Exception</b></td>
<td width="10%"><b>Time (seconds)</b></td>
<td><b>Instance</b></td>
</tr>
<tr>
<td title='com.jostens.qa.testcases.DShoppingCartPageTest.addProductToCartTest()'><b>addProductToCartTest</b><br>Test class: com.jostens.qa.testcases.DShoppingCartPageTest<br>Parameters: New Era Men's Heritage Blend 3/4-Sleeve Baseball Raglan Tee, Your Shopping Cart - Jostens School Store, $27.95, 1, $27.95, $85.85, Success - 2021/02/20 20:06:30, 1</td>
<td></td>
<td>3</td>
<td>com.jostens.qa.testcases.DShoppingCartPageTest@5abca1e0</td></tr>
<tr>
<td title='com.jostens.qa.testcases.DShoppingCartPageTest.addProductToCartTest()'><b>addProductToCartTest</b><br>Test class: com.jostens.qa.testcases.DShoppingCartPageTest<br>Parameters: New Era Women's Tri-Blend Fleece Pullover Hoodie, Your Shopping Cart - Jostens School Store, $38.95, 1, $38.95, $85.85, Success - 2021/02/20 20:06:32, 2</td>
<td></td>
<td>1</td>
<td>com.jostens.qa.testcases.DShoppingCartPageTest@5abca1e0</td></tr>
<tr>
<td title='com.jostens.qa.testcases.DShoppingCartPageTest.addProductToCartTest()'><b>addProductToCartTest</b><br>Test class: com.jostens.qa.testcases.DShoppingCartPageTest<br>Parameters: 3 Ply Sublimated Mask, Your Shopping Cart - Jostens School Store, $18.95, 1, $18.95, $85.85, Success - 2021/02/20 20:06:33, 3</td>
<td></td>
<td>1</td>
<td>com.jostens.qa.testcases.DShoppingCartPageTest@5abca1e0</td></tr>
<tr>
<td title='com.jostens.qa.testcases.ALoginPageTest.loginTest()'><b>loginTest</b><br>Test class: com.jostens.qa.testcases.ALoginPageTest</td>
<td></td>
<td>23</td>
<td>com.jostens.qa.testcases.ALoginPageTest@6fc6f14e</td></tr>
<tr>
<td title='com.jostens.qa.testcases.ECheckoutPageTest.proceedWithCheckoutTest()'><b>proceedWithCheckoutTest</b><br>Test class: com.jostens.qa.testcases.ECheckoutPageTest<br>Parameters: New Era Women's Tri-Blend Fleece Pullover Hoodie, 1, $35.95, Information - Jostens School Store - Checkout, Steve.VerMulm@gmail.com, No, Ashlyn, Ambrose, 409 Beachcomber Drive, Lake Park, United States, Iowa, 51347, 7123632575, No, Success - 2021/02/20 20:07:24, null, 2</td>
<td></td>
<td>19</td>
<td>com.jostens.qa.testcases.ECheckoutPageTest@2286778</td></tr>
<tr>
<td title='com.jostens.qa.testcases.ECheckoutPageTest.proceedWithCheckoutTest()'><b>proceedWithCheckoutTest</b><br>Test class: com.jostens.qa.testcases.ECheckoutPageTest<br>Parameters: 3 Ply Sublimated Mask, 1, $18.95, Information - Jostens School Store - Checkout, Steve.VerMulm@gmail.com, No, Cynthia, Ambrosia, 62310 Lake View Road, Madison Lake, United States, Minnesota, 56063, 7123635519, No, Success - 2021/02/20 20:07:45, null, 3</td>
<td></td>
<td>17</td>
<td>com.jostens.qa.testcases.ECheckoutPageTest@2286778</td></tr>
<tr>
<td title='com.jostens.qa.testcases.CProductDetailPageTest.productSearchTest()'><b>productSearchTest</b><br>Test class: com.jostens.qa.testcases.CProductDetailPageTest<br>Parameters: New Era Men's Heritage Blend 3/4-Sleeve Baseball Raglan Tee, New Era Men's Heritage Blend 3/4-Sleeve Baseball Raglan Tee - Jostens School Store, Black/White, XL, 1, Right Chest, 31, 35, 11, 7.7, Success - 2020/12/23 13:32:56, 1</td>
<td></td>
<td>41</td>
<td>com.jostens.qa.testcases.CProductDetailPageTest@3632be31</td></tr>
<tr>
<td title='com.jostens.qa.testcases.CProductDetailPageTest.productSearchTest()'><b>productSearchTest</b><br>Test class: com.jostens.qa.testcases.CProductDetailPageTest<br>Parameters: New Era Women's Tri-Blend Fleece Pullover Hoodie, New Era Women's Tri-Blend Fleece Pullover Hoodie - Jostens School Store, Grey, M, 2, Center Chest, 40, 40, 25, 17.5, Success - 2020/12/23 13:33:18, 2</td>
<td></td>
<td>33</td>
<td>com.jostens.qa.testcases.CProductDetailPageTest@3632be31</td></tr>
<tr>
<td title='com.jostens.qa.testcases.CProductDetailPageTest.productSearchTest()'><b>productSearchTest</b><br>Test class: com.jostens.qa.testcases.CProductDetailPageTest<br>Parameters: 3 Ply Sublimated Mask, 3 Ply Sublimated Mask - Jostens School Store, White, L/XL, 6, Mask Center, 35, 37, 30, 21, Success - 2020/12/23 13:33:43, 3</td>
<td></td>
<td>33</td>
<td>com.jostens.qa.testcases.CProductDetailPageTest@3632be31</td></tr>
<tr>
<td title='com.jostens.qa.testcases.BSearchSchoolPageTest.searchSchoolTest()'><b>searchSchoolTest</b><br>Test class: com.jostens.qa.testcases.BSearchSchoolPageTest<br>Parameters: Chaska High School, Chaska High School Chaska, MN Products - Graduation Products from Jostens, Success - 2021/02/20 20:04:13, 1</td>
<td></td>
<td>7</td>
<td>com.jostens.qa.testcases.BSearchSchoolPageTest@56235b8e</td></tr>
</table><p>
<table width='100%' border='1' class='invocation-skipped'>
<tr><td colspan='4' align='center'><b>SKIPPED TESTS</b></td></tr>
<tr><td><b>Test method</b></td>
<td width="30%"><b>Exception</b></td>
<td width="10%"><b>Time (seconds)</b></td>
<td><b>Instance</b></td>
</tr>
<tr>
<td title='com.jostens.qa.testcases.FPaymentPageTest.paymentPageTest()'><b>paymentPageTest</b><br>Test class: com.jostens.qa.testcases.FPaymentPageTest<br>Parameters: , , , , , Success - 2021/02/15 21:57:59, If no data in row, the @Test will be skipped, 1</td>
<td><div><pre>org.testng.SkipException: Skipping &apos;@Test=gtest&apos; due to a lack of data
	at com.jostens.qa.testcases.FPaymentPageTest.paymentPageTest(FPaymentPageTest.java:48)
	at java.util.ArrayList.forEach(ArrayList.java:1259)
... Removed 30 stack frames</pre></div><a href='#' onClick='toggleBox("stack-trace96358826", this, "Click to show all stack frames", "Click to hide stack frames")'>Click to show all stack frames</a>
<div class='stack-trace' id='stack-trace96358826'><pre>org.testng.SkipException: Skipping &apos;@Test=gtest&apos; due to a lack of data
	at com.jostens.qa.testcases.FPaymentPageTest.paymentPageTest(FPaymentPageTest.java:48)
	at sun.reflect.NativeMethodAccessorImpl.invoke0(Native Method)
	at sun.reflect.NativeMethodAccessorImpl.invoke(NativeMethodAccessorImpl.java:62)
	at sun.reflect.DelegatingMethodAccessorImpl.invoke(DelegatingMethodAccessorImpl.java:43)
	at java.lang.reflect.Method.invoke(Method.java:498)
	at org.testng.internal.MethodInvocationHelper.invokeMethod(MethodInvocationHelper.java:134)
	at org.testng.internal.TestInvoker.invokeMethod(TestInvoker.java:597)
	at org.testng.internal.TestInvoker.invokeTestMethod(TestInvoker.java:173)
	at org.testng.internal.MethodRunner.runInSequence(MethodRunner.java:46)
	at org.testng.internal.TestInvoker$MethodInvocationAgent.invoke(TestInvoker.java:816)
	at org.testng.internal.TestInvoker.invokeTestMethods(TestInvoker.java:146)
	at org.testng.internal.TestMethodWorker.invokeTestMethods(TestMethodWorker.java:146)
	at org.testng.internal.TestMethodWorker.run(TestMethodWorker.java:128)
	at java.util.ArrayList.forEach(ArrayList.java:1259)
	at org.testng.TestRunner.privateRun(TestRunner.java:766)
	at org.testng.TestRunner.run(TestRunner.java:587)
	at org.testng.SuiteRunner.runTest(SuiteRunner.java:384)
	at org.testng.SuiteRunner.runSequentially(SuiteRunner.java:378)
	at org.testng.SuiteRunner.privateRun(SuiteRunner.java:337)
	at org.testng.SuiteRunner.run(SuiteRunner.java:286)
	at org.testng.SuiteRunnerWorker.runSuite(SuiteRunnerWorker.java:53)
	at org.testng.SuiteRunnerWorker.run(SuiteRunnerWorker.java:96)
	at org.testng.TestNG.runSuitesSequentially(TestNG.java:1187)
	at org.testng.TestNG.runSuitesLocally(TestNG.java:1109)
	at org.testng.TestNG.runSuites(TestNG.java:1039)
	at org.testng.TestNG.run(TestNG.java:1007)
	at org.apache.maven.surefire.testng.TestNGExecutor.run(TestNGExecutor.java:295)
	at org.apache.maven.surefire.testng.TestNGXmlTestSuite.execute(TestNGXmlTestSuite.java:84)
	at org.apache.maven.surefire.testng.TestNGProvider.invoke(TestNGProvider.java:90)
	at org.apache.maven.surefire.booter.ForkedBooter.invokeProviderInSameClassLoader(ForkedBooter.java:203)
	at org.apache.maven.surefire.booter.ForkedBooter.runSuitesInProcess(ForkedBooter.java:155)
	at org.apache.maven.surefire.booter.ForkedBooter.main(ForkedBooter.java:103)
</pre></div></td>
<td>0</td>
<td>com.jostens.qa.testcases.FPaymentPageTest@4e9ba398</td></tr>
</table><p>
</body>
</html>