<?xml version="1.0" encoding="UTF-8"?>
<!-- Generated by org.testng.reporters.JUnitXMLReporter -->
<testsuite hostname="DESKTOP-LTKBB09" ignored="10" name="Regression Chrome" tests="12" failures="1" timestamp="2021-02-20T20:11:16 CST" time="210.873" errors="0">
  <testcase name="loginTest" time="23.904" classname="com.jostens.qa.testcases.ALoginPageTest"/>
  <testcase name="searchSchoolTest" time="7.157" classname="com.jostens.qa.testcases.BSearchSchoolPageTest"/>
  <testcase name="productSearchTest" time="41.709" classname="com.jostens.qa.testcases.CProductDetailPageTest"/>
  <testcase name="productSearchTest" time="33.364" classname="com.jostens.qa.testcases.CProductDetailPageTest"/>
  <testcase name="productSearchTest" time="33.642" classname="com.jostens.qa.testcases.CProductDetailPageTest"/>
  <testcase name="addProductToCartTest" time="3.846" classname="com.jostens.qa.testcases.DShoppingCartPageTest"/>
  <testcase name="addProductToCartTest" time="1.342" classname="com.jostens.qa.testcases.DShoppingCartPageTest"/>
  <testcase name="addProductToCartTest" time="1.076" classname="com.jostens.qa.testcases.DShoppingCartPageTest"/>
  <testcase name="proceedWithCheckoutTest" time="19.127" classname="com.jostens.qa.testcases.ECheckoutPageTest">
    <failure type="java.lang.AssertionError" message="The following asserts failed:
	expected [Information - Jostens School Store] but found [Information - Jostens School Store - Checkout]">
      <![CDATA[java.lang.AssertionError: The following asserts failed:
expected [Information - Jostens School Store] but found [Information - Jostens School Store - Checkout]
at com.jostens.qa.testcases.ECheckoutPageTest.proceedWithCheckoutTest(ECheckoutPageTest.java:86)
at java.util.ArrayList.forEach(ArrayList.java:1259)
... Removed 32 stack frames]]>
    </failure>
  </testcase> <!-- proceedWithCheckoutTest -->
  <testcase name="proceedWithCheckoutTest" time="19.264" classname="com.jostens.qa.testcases.ECheckoutPageTest"/>
  <testcase name="proceedWithCheckoutTest" time="17.906" classname="com.jostens.qa.testcases.ECheckoutPageTest"/>
  <testcase name="paymentPageTest" time="0.001" classname="com.jostens.qa.testcases.FPaymentPageTest">
    <skipped/>
  </testcase> <!-- paymentPageTest -->
  <testcase name="@AfterSuite afterSuite" time="0.0" classname="com.jostens.qa.base.TestBase">
    <ignored/>
  </testcase> <!-- @AfterSuite afterSuite -->
  <testcase name="@AfterSuite afterSuite" time="0.0" classname="com.jostens.qa.base.TestBase">
    <ignored/>
  </testcase> <!-- @AfterSuite afterSuite -->
  <testcase name="@AfterSuite afterSuite" time="0.0" classname="com.jostens.qa.base.TestBase">
    <ignored/>
  </testcase> <!-- @AfterSuite afterSuite -->
  <testcase name="@AfterSuite afterSuite" time="0.0" classname="com.jostens.qa.base.TestBase">
    <ignored/>
  </testcase> <!-- @AfterSuite afterSuite -->
  <testcase name="@AfterSuite afterSuite" time="0.0" classname="com.jostens.qa.base.TestBase">
    <ignored/>
  </testcase> <!-- @AfterSuite afterSuite -->
  <testcase name="@BeforeTest beforeSuite" time="0.0" classname="com.jostens.qa.base.TestBase">
    <ignored/>
  </testcase> <!-- @BeforeTest beforeSuite -->
  <testcase name="@BeforeTest beforeSuite" time="0.0" classname="com.jostens.qa.base.TestBase">
    <ignored/>
  </testcase> <!-- @BeforeTest beforeSuite -->
  <testcase name="@BeforeTest beforeSuite" time="0.0" classname="com.jostens.qa.base.TestBase">
    <ignored/>
  </testcase> <!-- @BeforeTest beforeSuite -->
  <testcase name="@BeforeTest beforeSuite" time="0.0" classname="com.jostens.qa.base.TestBase">
    <ignored/>
  </testcase> <!-- @BeforeTest beforeSuite -->
  <testcase name="@BeforeTest beforeSuite" time="0.0" classname="com.jostens.qa.base.TestBase">
    <ignored/>
  </testcase> <!-- @BeforeTest beforeSuite -->
</testsuite> <!-- Regression Chrome -->
